<?xml version="1.0" encoding="UTF-8"?>
<coverage generated="1595630216423" clover="3.2.0">
  <project timestamp="1595630216423" name="All files">
    <metrics statements="310" coveredstatements="295" conditionals="202" coveredconditionals="190" methods="81" coveredmethods="73" elements="593" coveredelements="558" complexity="0" loc="310" ncloc="310" packages="5" files="18" classes="18"/>
    <package name="src">
      <metrics statements="32" coveredstatements="32" conditionals="1" coveredconditionals="1" methods="6" coveredmethods="6"/>
      <file name="instances.ts" path="D:\Github\OverlayScrollbars\packages\overlayscrollbars\src\instances.ts">
        <metrics statements="18" coveredstatements="18" conditionals="1" coveredconditionals="1" methods="6" coveredmethods="6"/>
        <line num="1" count="1" type="stmt"/>
        <line num="2" count="1" type="stmt"/>
        <line num="9" count="1" type="stmt"/>
        <line num="10" count="3" type="stmt"/>
        <line num="11" count="3" type="stmt"/>
        <line num="18" count="1" type="stmt"/>
        <line num="19" count="4" type="stmt"/>
        <line num="20" count="4" type="stmt"/>
        <line num="27" count="1" type="stmt"/>
        <line num="33" count="1" type="stmt"/>
        <line num="34" count="2" type="stmt"/>
        <line num="36" count="2" type="stmt"/>
        <line num="38" count="1" type="cond" truecount="1" falsecount="0"/>
        <line num="39" count="1" type="stmt"/>
        <line num="43" count="2" type="stmt"/>
        <line num="45" count="2" type="stmt"/>
        <line num="46" count="1" type="stmt"/>
        <line num="49" count="2" type="stmt"/>
      </file>
      <file name="options.ts" path="D:\Github\OverlayScrollbars\packages\overlayscrollbars\src\options.ts">
        <metrics statements="14" coveredstatements="14" conditionals="0" coveredconditionals="0" methods="0" coveredmethods="0"/>
        <line num="5" count="1" type="stmt"/>
        <line num="6" count="1" type="stmt"/>
        <line num="7" count="1" type="stmt"/>
        <line num="8" count="1" type="stmt"/>
        <line num="9" count="1" type="stmt"/>
        <line num="10" count="1" type="stmt"/>
        <line num="11" count="1" type="stmt"/>
        <line num="12" count="1" type="stmt"/>
        <line num="13" count="1" type="stmt"/>
        <line num="14" count="1" type="stmt"/>
        <line num="15" count="1" type="stmt"/>
        <line num="32" count="1" type="stmt"/>
        <line num="80" count="1" type="stmt"/>
        <line num="81" count="1" type="stmt"/>
      </file>
    </package>
    <package name="src.core.compatibility">
      <metrics statements="47" coveredstatements="47" conditionals="14" coveredconditionals="14" methods="10" coveredmethods="10"/>
      <file name="vendors.ts" path="D:\Github\OverlayScrollbars\packages\overlayscrollbars\src\core\compatibility\vendors.ts">
        <metrics statements="47" coveredstatements="47" conditionals="14" coveredconditionals="14" methods="10" coveredmethods="10"/>
        <line num="4" count="20" type="stmt"/>
        <line num="5" count="10" type="stmt"/>
        <line num="9" count="1" type="stmt"/>
        <line num="10" count="1" type="stmt"/>
        <line num="12" count="1" type="stmt"/>
        <line num="13" count="1" type="stmt"/>
        <line num="19" count="1" type="stmt"/>
        <line num="20" count="4" type="stmt"/>
        <line num="22" count="4" type="cond" truecount="2" falsecount="0"/>
        <line num="23" count="1" type="stmt"/>
        <line num="26" count="3" type="stmt"/>
        <line num="27" count="3" type="stmt"/>
        <line num="29" count="3" type="stmt"/>
        <line num="30" count="9" type="stmt"/>
        <line num="31" count="9" type="stmt"/>
        <line num="37" count="33" type="stmt"/>
        <line num="38" count="9" type="stmt"/>
        <line num="41" count="3" type="stmt"/>
        <line num="42" count="3" type="stmt"/>
        <line num="51" count="1" type="stmt"/>
        <line num="52" count="11" type="stmt"/>
        <line num="53" count="11" type="stmt"/>
        <line num="55" count="11" type="cond" truecount="2" falsecount="0"/>
        <line num="56" count="4" type="stmt"/>
        <line num="59" count="7" type="stmt"/>
        <line num="60" count="7" type="stmt"/>
        <line num="61" count="7" type="cond" truecount="2" falsecount="0"/>
        <line num="62" count="7" type="stmt"/>
        <line num="64" count="7" type="stmt"/>
        <line num="65" count="10" type="stmt"/>
        <line num="66" count="42" type="stmt"/>
        <line num="67" count="42" type="stmt"/>
        <line num="68" count="42" type="cond" truecount="2" falsecount="0"/>
        <line num="69" count="2" type="stmt"/>
        <line num="70" count="2" type="stmt"/>
        <line num="73" count="10" type="stmt"/>
        <line num="76" count="7" type="stmt"/>
        <line num="77" count="7" type="stmt"/>
        <line num="84" count="1" type="stmt"/>
        <line num="85" count="5" type="cond" truecount="2" falsecount="0"/>
        <line num="87" count="5" type="cond" truecount="2" falsecount="0"/>
        <line num="88" count="1" type="stmt"/>
        <line num="91" count="4" type="stmt"/>
        <line num="92" count="11" type="cond" truecount="2" falsecount="0"/>
        <line num="93" count="11" type="stmt"/>
        <line num="96" count="4" type="stmt"/>
        <line num="97" count="4" type="stmt"/>
      </file>
    </package>
    <package name="src.core.dom">
      <metrics statements="121" coveredstatements="106" conditionals="79" coveredconditionals="67" methods="37" coveredmethods="29"/>
      <file name="attributes.ts" path="D:\Github\OverlayScrollbars\packages\overlayscrollbars\src\core\dom\attributes.ts">
        <metrics statements="18" coveredstatements="18" conditionals="8" coveredconditionals="8" methods="5" coveredmethods="5"/>
        <line num="8" count="4" type="stmt"/>
        <line num="9" count="7" type="cond" truecount="2" falsecount="0"/>
        <line num="10" count="5" type="stmt"/>
        <line num="12" count="2" type="stmt"/>
        <line num="20" count="4" type="stmt"/>
        <line num="21" count="1" type="stmt"/>
        <line num="29" count="4" type="stmt"/>
        <line num="30" count="3" type="cond" truecount="2" falsecount="0"/>
        <line num="31" count="2" type="stmt"/>
        <line num="33" count="1" type="stmt"/>
        <line num="41" count="4" type="stmt"/>
        <line num="42" count="3" type="cond" truecount="2" falsecount="0"/>
        <line num="43" count="2" type="stmt"/>
        <line num="45" count="1" type="stmt"/>
        <line num="53" count="4" type="stmt"/>
        <line num="54" count="5" type="cond" truecount="2" falsecount="0"/>
        <line num="55" count="3" type="stmt"/>
        <line num="57" count="2" type="stmt"/>
      </file>
      <file name="classes.ts" path="D:\Github\OverlayScrollbars\packages\overlayscrollbars\src\core\dom\classes.ts">
        <metrics statements="18" coveredstatements="18" conditionals="10" coveredconditionals="10" methods="4" coveredmethods="4"/>
        <line num="3" count="4" type="stmt"/>
        <line num="10" count="7" type="stmt"/>
        <line num="17" count="4" type="stmt"/>
        <line num="19" count="11" type="stmt"/>
        <line num="21" count="11" type="cond" truecount="2" falsecount="0"/>
        <line num="22" count="9" type="cond" truecount="2" falsecount="0"/>
        <line num="23" count="9" type="stmt"/>
        <line num="24" count="11" type="stmt"/>
        <line num="34" count="4" type="stmt"/>
        <line num="36" count="7" type="stmt"/>
        <line num="38" count="7" type="cond" truecount="2" falsecount="0"/>
        <line num="39" count="5" type="cond" truecount="2" falsecount="0"/>
        <line num="40" count="5" type="stmt"/>
        <line num="41" count="6" type="stmt"/>
        <line num="52" count="4" type="stmt"/>
        <line num="53" count="4" type="cond" truecount="2" falsecount="0"/>
        <line num="54" count="2" type="stmt"/>
        <line num="56" count="2" type="stmt"/>
      </file>
      <file name="create.ts" path="D:\Github\OverlayScrollbars\packages\overlayscrollbars\src\core\dom\create.ts">
        <metrics statements="5" coveredstatements="5" conditionals="0" coveredconditionals="0" methods="3" coveredmethods="3"/>
        <line num="5" count="204" type="stmt"/>
        <line num="7" count="4" type="stmt"/>
        <line num="8" count="3" type="stmt"/>
        <line num="9" count="3" type="stmt"/>
        <line num="11" count="9" type="stmt"/>
      </file>
      <file name="index.ts" path="D:\Github\OverlayScrollbars\packages\overlayscrollbars\src\core\dom\index.ts">
        <metrics statements="0" coveredstatements="0" conditionals="0" coveredconditionals="0" methods="0" coveredmethods="0"/>
      </file>
      <file name="manipulation.ts" path="D:\Github\OverlayScrollbars\packages\overlayscrollbars\src\core\dom\manipulation.ts">
        <metrics statements="32" coveredstatements="32" conditionals="24" coveredconditionals="24" methods="8" coveredmethods="8"/>
        <line num="13" count="4" type="stmt"/>
        <line num="18" count="24" type="cond" truecount="2" falsecount="0"/>
        <line num="19" count="20" type="stmt"/>
        <line num="23" count="20" type="cond" truecount="2" falsecount="0"/>
        <line num="24" count="16" type="cond" truecount="2" falsecount="0"/>
        <line num="25" count="8" type="stmt"/>
        <line num="28" count="8" type="stmt"/>
        <line num="29" count="24" type="cond" truecount="2" falsecount="0"/>
        <line num="30" count="3" type="stmt"/>
        <line num="32" count="24" type="stmt"/>
        <line num="35" count="8" type="stmt"/>
        <line num="39" count="16" type="cond" truecount="2" falsecount="0"/>
        <line num="40" count="12" type="cond" truecount="2" falsecount="0"/>
        <line num="41" count="1" type="stmt"/>
        <line num="42" count="11" type="cond" truecount="2" falsecount="0"/>
        <line num="43" count="2" type="stmt"/>
        <line num="47" count="16" type="stmt"/>
        <line num="57" count="4" type="stmt"/>
        <line num="58" count="6" type="stmt"/>
        <line num="66" count="4" type="stmt"/>
        <line num="67" count="6" type="cond" truecount="2" falsecount="0"/>
        <line num="75" count="4" type="stmt"/>
        <line num="76" count="6" type="stmt"/>
        <line num="84" count="4" type="stmt"/>
        <line num="85" count="6" type="cond" truecount="2" falsecount="0"/>
        <line num="92" count="4" type="stmt"/>
        <line num="93" count="23" type="cond" truecount="2" falsecount="0"/>
        <line num="94" count="9" type="stmt"/>
        <line num="95" count="21" type="cond" truecount="2" falsecount="0"/>
        <line num="96" count="20" type="stmt"/>
        <line num="97" count="20" type="cond" truecount="2" falsecount="0"/>
        <line num="98" count="15" type="stmt"/>
      </file>
      <file name="offset.ts" path="D:\Github\OverlayScrollbars\packages\overlayscrollbars\src\core\dom\offset.ts">
        <metrics statements="4" coveredstatements="2" conditionals="0" coveredconditionals="0" methods="2" coveredmethods="0"/>
        <line num="1" count="3" type="stmt"/>
        <line num="2" count="0" type="stmt"/>
        <line num="3" count="0" type="stmt"/>
        <line num="9" count="3" type="stmt"/>
      </file>
      <file name="style.ts" path="D:\Github\OverlayScrollbars\packages\overlayscrollbars\src\core\dom\style.ts">
        <metrics statements="18" coveredstatements="5" conditionals="12" coveredconditionals="0" methods="6" coveredmethods="0"/>
        <line num="5" count="3" type="stmt"/>
        <line num="21" count="3" type="stmt"/>
        <line num="22" count="0" type="cond" truecount="0" falsecount="4"/>
        <line num="24" count="3" type="stmt"/>
        <line num="25" count="0" type="stmt"/>
        <line num="26" count="0" type="cond" truecount="0" falsecount="2"/>
        <line num="27" count="0" type="stmt"/>
        <line num="35" count="0" type="stmt"/>
        <line num="37" count="0" type="cond" truecount="0" falsecount="2"/>
        <line num="38" count="0" type="cond" truecount="0" falsecount="2"/>
        <line num="39" count="0" type="stmt"/>
        <line num="42" count="0" type="cond" truecount="0" falsecount="2"/>
        <line num="44" count="0" type="stmt"/>
        <line num="46" count="0" type="stmt"/>
        <line num="50" count="3" type="stmt"/>
        <line num="51" count="0" type="stmt"/>
        <line num="54" count="3" type="stmt"/>
        <line num="55" count="0" type="stmt"/>
      </file>
      <file name="traversal.ts" path="D:\Github\OverlayScrollbars\packages\overlayscrollbars\src\core\dom\traversal.ts">
        <metrics statements="26" coveredstatements="26" conditionals="25" coveredconditionals="25" methods="9" coveredmethods="9"/>
        <line num="3" count="4" type="cond" truecount="3" falsecount="0"/>
        <line num="5" count="4" type="stmt"/>
        <line num="6" count="6" type="stmt"/>
        <line num="8" count="6" type="cond" truecount="2" falsecount="0"/>
        <line num="9" count="18" type="stmt"/>
        <line num="12" count="6" type="stmt"/>
        <line num="15" count="19" type="cond" truecount="2" falsecount="0"/>
        <line num="17" count="4" type="stmt"/>
        <line num="18" count="31" type="cond" truecount="2" falsecount="0"/>
        <line num="19" count="22" type="cond" truecount="2" falsecount="0"/>
        <line num="20" count="2" type="stmt"/>
        <line num="22" count="20" type="cond" truecount="2" falsecount="0"/>
        <line num="23" count="2" type="stmt"/>
        <line num="25" count="18" type="cond" truecount="2" falsecount="0"/>
        <line num="26" count="6" type="stmt"/>
        <line num="29" count="21" type="stmt"/>
        <line num="32" count="4" type="stmt"/>
        <line num="33" count="3" type="stmt"/>
        <line num="35" count="3" type="cond" truecount="2" falsecount="0"/>
        <line num="36" count="6" type="cond" truecount="2" falsecount="0"/>
        <line num="37" count="3" type="cond" truecount="2" falsecount="0"/>
        <line num="38" count="1" type="stmt"/>
        <line num="41" count="3" type="stmt"/>
        <line num="45" count="3" type="stmt"/>
        <line num="48" count="38" type="cond" truecount="2" falsecount="0"/>
        <line num="50" count="14" type="cond" truecount="2" falsecount="0"/>
      </file>
    </package>
    <package name="src.core.options">
      <metrics statements="53" coveredstatements="53" conditionals="39" coveredconditionals="39" methods="10" coveredmethods="10"/>
      <file name="index.ts" path="D:\Github\OverlayScrollbars\packages\overlayscrollbars\src\core\options\index.ts">
        <metrics statements="0" coveredstatements="0" conditionals="0" coveredconditionals="0" methods="0" coveredmethods="0"/>
      </file>
      <file name="transformation.ts" path="D:\Github\OverlayScrollbars\packages\overlayscrollbars\src\core\options\transformation.ts">
        <metrics statements="6" coveredstatements="6" conditionals="3" coveredconditionals="3" methods="2" coveredmethods="2"/>
        <line num="19" count="16" type="stmt"/>
        <line num="21" count="16" type="stmt"/>
        <line num="22" count="102" type="stmt"/>
        <line num="25" count="102" type="cond" truecount="1" falsecount="0"/>
        <line num="26" count="90" type="cond" truecount="2" falsecount="0"/>
        <line num="32" count="16" type="stmt"/>
      </file>
      <file name="validation.ts" path="D:\Github\OverlayScrollbars\packages\overlayscrollbars\src\core\options\validation.ts">
        <metrics statements="47" coveredstatements="47" conditionals="36" coveredconditionals="36" methods="8" coveredmethods="8"/>
        <line num="13" count="3" type="stmt"/>
        <line num="18" count="3" type="stmt"/>
        <line num="24" count="3" type="stmt"/>
        <line num="26" count="21" type="stmt"/>
        <line num="27" count="21" type="stmt"/>
        <line num="50" count="3" type="stmt"/>
        <line num="57" count="65" type="stmt"/>
        <line num="58" count="65" type="stmt"/>
        <line num="59" count="372" type="stmt"/>
        <line num="61" count="65" type="stmt"/>
        <line num="62" count="372" type="cond" truecount="2" falsecount="0"/>
        <line num="63" count="372" type="stmt"/>
        <line num="64" count="372" type="stmt"/>
        <line num="65" count="372" type="stmt"/>
        <line num="66" count="372" type="cond" truecount="2" falsecount="0"/>
        <line num="69" count="372" type="cond" truecount="4" falsecount="0"/>
        <line num="70" count="33" type="stmt"/>
        <line num="71" count="33" type="stmt"/>
        <line num="72" count="33" type="stmt"/>
        <line num="74" count="33" type="stmt"/>
        <line num="75" count="66" type="cond" truecount="2" falsecount="0"/>
        <line num="76" count="33" type="stmt"/>
        <line num="79" count="339" type="cond" truecount="2" falsecount="0"/>
        <line num="80" count="336" type="stmt"/>
        <line num="81" count="336" type="stmt"/>
        <line num="82" count="336" type="stmt"/>
        <line num="83" count="336" type="stmt"/>
        <line num="84" count="336" type="cond" truecount="2" falsecount="0"/>
        <line num="88" count="336" type="stmt"/>
        <line num="90" count="417" type="stmt"/>
        <line num="91" count="417" type="cond" truecount="4" falsecount="0"/>
        <line num="93" count="64" type="stmt"/>
        <line num="94" count="121" type="stmt"/>
        <line num="97" count="64" type="stmt"/>
        <line num="99" count="353" type="stmt"/>
        <line num="103" count="417" type="cond" truecount="2" falsecount="0"/>
        <line num="106" count="417" type="stmt"/>
        <line num="109" count="336" type="cond" truecount="2" falsecount="0"/>
        <line num="110" count="310" type="cond" truecount="2" falsecount="0"/>
        <line num="111" count="310" type="cond" truecount="4" falsecount="0"/>
        <line num="112" count="256" type="stmt"/>
        <line num="114" count="26" type="cond" truecount="2" falsecount="0"/>
        <line num="115" count="2" type="stmt"/>
        <line num="123" count="336" type="stmt"/>
        <line num="127" count="65" type="stmt"/>
        <line num="150" count="3" type="stmt"/>
        <line num="165" count="32" type="cond" truecount="4" falsecount="0"/>
      </file>
    </package>
    <package name="src.core.utils">
      <metrics statements="57" coveredstatements="57" conditionals="69" coveredconditionals="69" methods="18" coveredmethods="18"/>
      <file name="arrays.ts" path="D:\Github\OverlayScrollbars\packages\overlayscrollbars\src\core\utils\arrays.ts">
        <metrics statements="8" coveredstatements="8" conditionals="6" coveredconditionals="6" methods="3" coveredmethods="3"/>
        <line num="33" count="699" type="cond" truecount="2" falsecount="0"/>
        <line num="34" count="693" type="stmt"/>
        <line num="35" count="2224" type="cond" truecount="2" falsecount="0"/>
        <line num="36" count="321" type="stmt"/>
        <line num="39" count="6" type="cond" truecount="2" falsecount="0"/>
        <line num="40" count="13" type="stmt"/>
        <line num="42" count="699" type="stmt"/>
        <line num="51" count="418" type="stmt"/>
      </file>
      <file name="extend.ts" path="D:\Github\OverlayScrollbars\packages\overlayscrollbars\src\core\utils\extend.ts">
        <metrics statements="21" coveredstatements="21" conditionals="26" coveredconditionals="26" methods="2" coveredmethods="2"/>
        <line num="20" count="180" type="stmt"/>
        <line num="23" count="180" type="cond" truecount="5" falsecount="0"/>
        <line num="24" count="3" type="stmt"/>
        <line num="27" count="180" type="stmt"/>
        <line num="29" count="1080" type="cond" truecount="2" falsecount="0"/>
        <line num="31" count="217" type="stmt"/>
        <line num="32" count="632" type="stmt"/>
        <line num="36" count="632" type="cond" truecount="4" falsecount="0"/>
        <line num="37" count="1" type="stmt"/>
        <line num="40" count="631" type="stmt"/>
        <line num="43" count="631" type="cond" truecount="5" falsecount="0"/>
        <line num="44" count="126" type="stmt"/>
        <line num="45" count="126" type="stmt"/>
        <line num="48" count="126" type="cond" truecount="4" falsecount="0"/>
        <line num="49" count="33" type="stmt"/>
        <line num="50" count="93" type="cond" truecount="4" falsecount="0"/>
        <line num="51" count="76" type="stmt"/>
        <line num="55" count="126" type="stmt"/>
        <line num="58" count="505" type="cond" truecount="2" falsecount="0"/>
        <line num="59" count="504" type="stmt"/>
        <line num="66" count="180" type="stmt"/>
      </file>
      <file name="index.ts" path="D:\Github\OverlayScrollbars\packages\overlayscrollbars\src\core\utils\index.ts">
        <metrics statements="0" coveredstatements="0" conditionals="0" coveredconditionals="0" methods="0" coveredmethods="0"/>
      </file>
      <file name="types.ts" path="D:\Github\OverlayScrollbars\packages\overlayscrollbars\src\core\utils\types.ts">
        <metrics statements="28" coveredstatements="28" conditionals="37" coveredconditionals="37" methods="13" coveredmethods="13"/>
        <line num="3" count="11" type="stmt"/>
        <line num="4" count="576" type="cond" truecount="2" falsecount="0"/>
        <line num="5" count="575" type="cond" truecount="2" falsecount="0"/>
        <line num="6" count="527" type="stmt"/>
        <line num="13" count="97" type="stmt"/>
        <line num="17" count="114" type="stmt"/>
        <line num="21" count="28" type="stmt"/>
        <line num="25" count="464" type="stmt"/>
        <line num="29" count="611" type="stmt"/>
        <line num="33" count="500" type="stmt"/>
        <line num="37" count="2671" type="stmt"/>
        <line num="41" count="1605" type="cond" truecount="3" falsecount="0"/>
        <line num="49" count="766" type="cond" truecount="2" falsecount="0"/>
        <line num="50" count="766" type="cond" truecount="5" falsecount="0"/>
        <line num="58" count="1337" type="cond" truecount="5" falsecount="0"/>
        <line num="61" count="214" type="stmt"/>
        <line num="62" count="214" type="stmt"/>
        <line num="63" count="214" type="stmt"/>
        <line num="64" count="214" type="cond" truecount="3" falsecount="0"/>
        <line num="66" count="214" type="cond" truecount="5" falsecount="0"/>
        <line num="67" count="3" type="stmt"/>
        <line num="71" count="211" type="stmt"/>
        <line num="76" count="211" type="cond" truecount="2" falsecount="0"/>
        <line num="84" count="358" type="stmt"/>
        <line num="85" count="358" type="cond" truecount="2" falsecount="0"/>
        <line num="86" count="358" type="cond" truecount="6" falsecount="0"/>
        <line num="95" count="105" type="stmt"/>
        <line num="96" count="63" type="stmt"/>
      </file>
    </package>
  </project>
</coverage>
