{"D:\\Github\\OverlayScrollbars\\packages\\overlayscrollbars\\src\\instances.ts": {"path":"D:\\Github\\OverlayScrollbars\\packages\\overlayscrollbars\\src\\instances.ts","statementMap":{"0":{"start":{"line":1,"column":30},"end":{"line":1,"column":39}},"1":{"start":{"line":2,"column":49},"end":{"line":2,"column":62}},"2":{"start":{"line":9,"column":71},"end":{"line":12,"column":1}},"3":{"start":{"line":10,"column":2},"end":{"line":10,"column":44}},"4":{"start":{"line":11,"column":2},"end":{"line":11,"column":22}},"5":{"start":{"line":18,"column":57},"end":{"line":21,"column":1}},"6":{"start":{"line":19,"column":2},"end":{"line":19,"column":35}},"7":{"start":{"line":20,"column":2},"end":{"line":20,"column":25}},"8":{"start":{"line":27,"column":53},"end":{"line":27,"column":94}},"9":{"start":{"line":27,"column":65},"end":{"line":27,"column":94}},"10":{"start":{"line":33,"column":61},"end":{"line":50,"column":1}},"11":{"start":{"line":34,"column":52},"end":{"line":34,"column":61}},"12":{"start":{"line":36,"column":2},"end":{"line":41,"column":5}},"13":{"start":{"line":38,"column":4},"end":{"line":40,"column":5}},"14":{"start":{"line":39,"column":6},"end":{"line":39,"column":72}},"15":{"start":{"line":43,"column":2},"end":{"line":43,"column":18}},"16":{"start":{"line":45,"column":2},"end":{"line":47,"column":5}},"17":{"start":{"line":46,"column":4},"end":{"line":46,"column":29}},"18":{"start":{"line":49,"column":2},"end":{"line":49,"column":32}}},"fnMap":{"0":{"name":"(anonymous_0)","decl":{"start":{"line":9,"column":71},"end":{"line":9,"column":72}},"loc":{"start":{"line":9,"column":95},"end":{"line":12,"column":1}},"line":9},"1":{"name":"(anonymous_1)","decl":{"start":{"line":18,"column":57},"end":{"line":18,"column":58}},"loc":{"start":{"line":18,"column":69},"end":{"line":21,"column":1}},"line":18},"2":{"name":"(anonymous_2)","decl":{"start":{"line":27,"column":53},"end":{"line":27,"column":54}},"loc":{"start":{"line":27,"column":65},"end":{"line":27,"column":94}},"line":27},"3":{"name":"(anonymous_3)","decl":{"start":{"line":33,"column":61},"end":{"line":33,"column":62}},"loc":{"start":{"line":33,"column":67},"end":{"line":50,"column":1}},"line":33},"4":{"name":"(anonymous_4)","decl":{"start":{"line":36,"column":18},"end":{"line":36,"column":19}},"loc":{"start":{"line":36,"column":39},"end":{"line":41,"column":3}},"line":36},"5":{"name":"(anonymous_5)","decl":{"start":{"line":45,"column":33},"end":{"line":45,"column":34}},"loc":{"start":{"line":45,"column":74},"end":{"line":47,"column":3}},"line":45}},"branchMap":{"0":{"loc":{"start":{"line":38,"column":4},"end":{"line":40,"column":5}},"type":"if","locations":[{"start":{"line":38,"column":4},"end":{"line":40,"column":5}}],"line":38}},"s":{"0":1,"1":1,"2":1,"3":3,"4":3,"5":1,"6":4,"7":4,"8":1,"9":1,"10":1,"11":2,"12":2,"13":1,"14":1,"15":2,"16":2,"17":1,"18":2},"f":{"0":3,"1":4,"2":1,"3":2,"4":1,"5":1},"b":{"0":[1]},"_coverageSchema":"1a1c01bbd47fc00a2c39e90264f33305004495a9","hash":"17f9344e3f6e880ed103fe165c22cf2e40345862"}
,"D:\\Github\\OverlayScrollbars\\packages\\overlayscrollbars\\src\\options.ts": {"path":"D:\\Github\\OverlayScrollbars\\packages\\overlayscrollbars\\src\\options.ts","statementMap":{"0":{"start":{"line":5,"column":68},"end":{"line":5,"column":96}},"1":{"start":{"line":6,"column":58},"end":{"line":6,"column":71}},"2":{"start":{"line":7,"column":71},"end":{"line":7,"column":100}},"3":{"start":{"line":8,"column":90},"end":{"line":8,"column":132}},"4":{"start":{"line":9,"column":69},"end":{"line":9,"column":91}},"5":{"start":{"line":10,"column":70},"end":{"line":10,"column":93}},"6":{"start":{"line":11,"column":70},"end":{"line":11,"column":108}},"7":{"start":{"line":12,"column":84},"end":{"line":12,"column":115}},"8":{"start":{"line":13,"column":96},"end":{"line":13,"column":141}},"9":{"start":{"line":14,"column":102},"end":{"line":14,"column":123}},"10":{"start":{"line":15,"column":98},"end":{"line":15,"column":122}},"11":{"start":{"line":32,"column":99},"end":{"line":78,"column":1}},"12":{"start":{"line":80,"column":85},"end":{"line":80,"column":128}},"13":{"start":{"line":81,"column":57},"end":{"line":81,"column":94}}},"fnMap":{},"branchMap":{},"s":{"0":1,"1":1,"2":1,"3":1,"4":1,"5":1,"6":1,"7":1,"8":1,"9":1,"10":1,"11":1,"12":1,"13":1},"f":{},"b":{},"_coverageSchema":"1a1c01bbd47fc00a2c39e90264f33305004495a9","hash":"a52393a8585ee14790a2eb08060d4e1026514723"}
,"D:\\Github\\OverlayScrollbars\\packages\\overlayscrollbars\\src\\core\\compatibility\\vendors.ts": {"path":"D:\\Github\\OverlayScrollbars\\packages\\overlayscrollbars\\src\\core\\compatibility\\vendors.ts","statementMap":{"0":{"start":{"line":4,"column":52},"end":{"line":4,"column":103}},"1":{"start":{"line":4,"column":61},"end":{"line":4,"column":103}},"2":{"start":{"line":5,"column":49},"end":{"line":5,"column":72}},"3":{"start":{"line":5,"column":55},"end":{"line":5,"column":72}},"4":{"start":{"line":9,"column":50},"end":{"line":9,"column":86}},"5":{"start":{"line":10,"column":49},"end":{"line":10,"column":105}},"6":{"start":{"line":12,"column":47},"end":{"line":12,"column":49}},"7":{"start":{"line":13,"column":51},"end":{"line":13,"column":53}},"8":{"start":{"line":19,"column":65},"end":{"line":43,"column":1}},"9":{"start":{"line":20,"column":35},"end":{"line":20,"column":49}},"10":{"start":{"line":22,"column":2},"end":{"line":24,"column":3}},"11":{"start":{"line":23,"column":4},"end":{"line":23,"column":18}},"12":{"start":{"line":26,"column":33},"end":{"line":26,"column":57}},"13":{"start":{"line":27,"column":40},"end":{"line":27,"column":55}},"14":{"start":{"line":29,"column":2},"end":{"line":39,"column":5}},"15":{"start":{"line":30,"column":40},"end":{"line":30,"column":64}},"16":{"start":{"line":31,"column":47},"end":{"line":36,"column":5}},"17":{"start":{"line":37,"column":4},"end":{"line":37,"column":112}},"18":{"start":{"line":37,"column":69},"end":{"line":37,"column":110}},"19":{"start":{"line":38,"column":4},"end":{"line":38,"column":19}},"20":{"start":{"line":41,"column":2},"end":{"line":41,"column":26}},"21":{"start":{"line":42,"column":2},"end":{"line":42,"column":16}},"22":{"start":{"line":51,"column":107},"end":{"line":78,"column":1}},"23":{"start":{"line":52,"column":15},"end":{"line":52,"column":38}},"24":{"start":{"line":53,"column":35},"end":{"line":53,"column":49}},"25":{"start":{"line":55,"column":2},"end":{"line":57,"column":3}},"26":{"start":{"line":56,"column":4},"end":{"line":56,"column":18}},"27":{"start":{"line":59,"column":42},"end":{"line":59,"column":57}},"28":{"start":{"line":60,"column":39},"end":{"line":60,"column":56}},"29":{"start":{"line":61,"column":33},"end":{"line":61,"column":45}},"30":{"start":{"line":62,"column":36},"end":{"line":62,"column":60}},"31":{"start":{"line":64,"column":2},"end":{"line":74,"column":5}},"32":{"start":{"line":65,"column":4},"end":{"line":72,"column":7}},"33":{"start":{"line":66,"column":19},"end":{"line":66,"column":41}},"34":{"start":{"line":67,"column":6},"end":{"line":67,"column":66}},"35":{"start":{"line":68,"column":6},"end":{"line":71,"column":7}},"36":{"start":{"line":69,"column":8},"end":{"line":69,"column":22}},"37":{"start":{"line":70,"column":8},"end":{"line":70,"column":21}},"38":{"start":{"line":73,"column":4},"end":{"line":73,"column":19}},"39":{"start":{"line":76,"column":2},"end":{"line":76,"column":26}},"40":{"start":{"line":77,"column":2},"end":{"line":77,"column":16}},"41":{"start":{"line":84,"column":44},"end":{"line":98,"column":1}},"42":{"start":{"line":85,"column":20},"end":{"line":85,"column":49}},"43":{"start":{"line":87,"column":2},"end":{"line":89,"column":3}},"44":{"start":{"line":88,"column":4},"end":{"line":88,"column":18}},"45":{"start":{"line":91,"column":2},"end":{"line":94,"column":5}},"46":{"start":{"line":92,"column":4},"end":{"line":92,"column":65}},"47":{"start":{"line":93,"column":4},"end":{"line":93,"column":19}},"48":{"start":{"line":96,"column":2},"end":{"line":96,"column":25}},"49":{"start":{"line":97,"column":2},"end":{"line":97,"column":16}}},"fnMap":{"0":{"name":"(anonymous_0)","decl":{"start":{"line":4,"column":52},"end":{"line":4,"column":53}},"loc":{"start":{"line":4,"column":61},"end":{"line":4,"column":103}},"line":4},"1":{"name":"(anonymous_1)","decl":{"start":{"line":5,"column":49},"end":{"line":5,"column":50}},"loc":{"start":{"line":5,"column":55},"end":{"line":5,"column":72}},"line":5},"2":{"name":"(anonymous_2)","decl":{"start":{"line":19,"column":65},"end":{"line":19,"column":66}},"loc":{"start":{"line":19,"column":75},"end":{"line":43,"column":1}},"line":19},"3":{"name":"(anonymous_3)","decl":{"start":{"line":29,"column":20},"end":{"line":29,"column":21}},"loc":{"start":{"line":29,"column":40},"end":{"line":39,"column":3}},"line":29},"4":{"name":"(anonymous_4)","decl":{"start":{"line":37,"column":38},"end":{"line":37,"column":39}},"loc":{"start":{"line":37,"column":69},"end":{"line":37,"column":110}},"line":37},"5":{"name":"(anonymous_5)","decl":{"start":{"line":51,"column":107},"end":{"line":51,"column":108}},"loc":{"start":{"line":51,"column":137},"end":{"line":78,"column":1}},"line":51},"6":{"name":"(anonymous_6)","decl":{"start":{"line":64,"column":22},"end":{"line":64,"column":23}},"loc":{"start":{"line":64,"column":49},"end":{"line":74,"column":3}},"line":64},"7":{"name":"(anonymous_7)","decl":{"start":{"line":65,"column":36},"end":{"line":65,"column":37}},"loc":{"start":{"line":65,"column":56},"end":{"line":72,"column":5}},"line":65},"8":{"name":"(anonymous_8)","decl":{"start":{"line":84,"column":44},"end":{"line":84,"column":45}},"loc":{"start":{"line":84,"column":54},"end":{"line":98,"column":1}},"line":84},"9":{"name":"(anonymous_9)","decl":{"start":{"line":91,"column":19},"end":{"line":91,"column":20}},"loc":{"start":{"line":91,"column":39},"end":{"line":94,"column":3}},"line":91}},"branchMap":{"0":{"loc":{"start":{"line":22,"column":2},"end":{"line":24,"column":3}},"type":"if","locations":[{"start":{"line":22,"column":2},"end":{"line":24,"column":3}},{"start":{"line":22,"column":2},"end":{"line":24,"column":3}}],"line":22},"1":{"loc":{"start":{"line":55,"column":2},"end":{"line":57,"column":3}},"type":"if","locations":[{"start":{"line":55,"column":2},"end":{"line":57,"column":3}},{"start":{"line":55,"column":2},"end":{"line":57,"column":3}}],"line":55},"2":{"loc":{"start":{"line":61,"column":33},"end":{"line":61,"column":45}},"type":"binary-expr","locations":[{"start":{"line":61,"column":33},"end":{"line":61,"column":39}},{"start":{"line":61,"column":43},"end":{"line":61,"column":45}}],"line":61},"3":{"loc":{"start":{"line":68,"column":6},"end":{"line":71,"column":7}},"type":"if","locations":[{"start":{"line":68,"column":6},"end":{"line":71,"column":7}},{"start":{"line":68,"column":6},"end":{"line":71,"column":7}}],"line":68},"4":{"loc":{"start":{"line":85,"column":20},"end":{"line":85,"column":49}},"type":"binary-expr","locations":[{"start":{"line":85,"column":20},"end":{"line":85,"column":33}},{"start":{"line":85,"column":37},"end":{"line":85,"column":49}}],"line":85},"5":{"loc":{"start":{"line":87,"column":2},"end":{"line":89,"column":3}},"type":"if","locations":[{"start":{"line":87,"column":2},"end":{"line":89,"column":3}},{"start":{"line":87,"column":2},"end":{"line":89,"column":3}}],"line":87},"6":{"loc":{"start":{"line":92,"column":13},"end":{"line":92,"column":64}},"type":"binary-expr","locations":[{"start":{"line":92,"column":13},"end":{"line":92,"column":19}},{"start":{"line":92,"column":23},"end":{"line":92,"column":64}}],"line":92}},"s":{"0":1,"1":20,"2":1,"3":10,"4":1,"5":1,"6":1,"7":1,"8":1,"9":4,"10":4,"11":1,"12":3,"13":3,"14":3,"15":9,"16":9,"17":9,"18":33,"19":9,"20":3,"21":3,"22":1,"23":11,"24":11,"25":11,"26":4,"27":7,"28":7,"29":7,"30":7,"31":7,"32":10,"33":42,"34":42,"35":42,"36":2,"37":2,"38":10,"39":7,"40":7,"41":1,"42":5,"43":5,"44":1,"45":4,"46":11,"47":11,"48":4,"49":4},"f":{"0":20,"1":10,"2":4,"3":9,"4":33,"5":11,"6":10,"7":42,"8":5,"9":11},"b":{"0":[1,3],"1":[4,7],"2":[7,5],"3":[2,40],"4":[5,4],"5":[1,4],"6":[11,8]},"_coverageSchema":"1a1c01bbd47fc00a2c39e90264f33305004495a9","hash":"f54c08b54c19690cbb3a2a74accc552cd98bf168"}
,"D:\\Github\\OverlayScrollbars\\packages\\overlayscrollbars\\src\\core\\dom\\attributes.ts": {"path":"D:\\Github\\OverlayScrollbars\\packages\\overlayscrollbars\\src\\core\\dom\\attributes.ts","statementMap":{"0":{"start":{"line":8,"column":94},"end":{"line":13,"column":1}},"1":{"start":{"line":9,"column":2},"end":{"line":11,"column":3}},"2":{"start":{"line":10,"column":4},"end":{"line":10,"column":38}},"3":{"start":{"line":12,"column":2},"end":{"line":12,"column":36}},"4":{"start":{"line":20,"column":68},"end":{"line":22,"column":1}},"5":{"start":{"line":21,"column":2},"end":{"line":21,"column":32}},"6":{"start":{"line":29,"column":79},"end":{"line":34,"column":1}},"7":{"start":{"line":30,"column":2},"end":{"line":32,"column":3}},"8":{"start":{"line":31,"column":4},"end":{"line":31,"column":26}},"9":{"start":{"line":33,"column":2},"end":{"line":33,"column":25}},"10":{"start":{"line":41,"column":78},"end":{"line":46,"column":1}},"11":{"start":{"line":42,"column":2},"end":{"line":44,"column":3}},"12":{"start":{"line":43,"column":4},"end":{"line":43,"column":25}},"13":{"start":{"line":45,"column":2},"end":{"line":45,"column":24}},"14":{"start":{"line":53,"column":77},"end":{"line":58,"column":1}},"15":{"start":{"line":54,"column":2},"end":{"line":56,"column":3}},"16":{"start":{"line":55,"column":4},"end":{"line":55,"column":21}},"17":{"start":{"line":57,"column":2},"end":{"line":57,"column":20}}},"fnMap":{"0":{"name":"(anonymous_0)","decl":{"start":{"line":8,"column":94},"end":{"line":8,"column":95}},"loc":{"start":{"line":8,"column":120},"end":{"line":13,"column":1}},"line":8},"1":{"name":"(anonymous_1)","decl":{"start":{"line":20,"column":68},"end":{"line":20,"column":69}},"loc":{"start":{"line":20,"column":87},"end":{"line":22,"column":1}},"line":20},"2":{"name":"(anonymous_2)","decl":{"start":{"line":29,"column":79},"end":{"line":29,"column":80}},"loc":{"start":{"line":29,"column":95},"end":{"line":34,"column":1}},"line":29},"3":{"name":"(anonymous_3)","decl":{"start":{"line":41,"column":78},"end":{"line":41,"column":79}},"loc":{"start":{"line":41,"column":94},"end":{"line":46,"column":1}},"line":41},"4":{"name":"(anonymous_4)","decl":{"start":{"line":53,"column":77},"end":{"line":53,"column":78}},"loc":{"start":{"line":53,"column":93},"end":{"line":58,"column":1}},"line":53}},"branchMap":{"0":{"loc":{"start":{"line":9,"column":2},"end":{"line":11,"column":3}},"type":"if","locations":[{"start":{"line":9,"column":2},"end":{"line":11,"column":3}},{"start":{"line":9,"column":2},"end":{"line":11,"column":3}}],"line":9},"1":{"loc":{"start":{"line":30,"column":2},"end":{"line":32,"column":3}},"type":"if","locations":[{"start":{"line":30,"column":2},"end":{"line":32,"column":3}},{"start":{"line":30,"column":2},"end":{"line":32,"column":3}}],"line":30},"2":{"loc":{"start":{"line":42,"column":2},"end":{"line":44,"column":3}},"type":"if","locations":[{"start":{"line":42,"column":2},"end":{"line":44,"column":3}},{"start":{"line":42,"column":2},"end":{"line":44,"column":3}}],"line":42},"3":{"loc":{"start":{"line":54,"column":2},"end":{"line":56,"column":3}},"type":"if","locations":[{"start":{"line":54,"column":2},"end":{"line":56,"column":3}},{"start":{"line":54,"column":2},"end":{"line":56,"column":3}}],"line":54}},"s":{"0":4,"1":7,"2":5,"3":2,"4":4,"5":1,"6":4,"7":3,"8":2,"9":1,"10":4,"11":3,"12":2,"13":1,"14":4,"15":5,"16":3,"17":2},"f":{"0":7,"1":1,"2":3,"3":3,"4":5},"b":{"0":[5,2],"1":[2,1],"2":[2,1],"3":[3,2]},"_coverageSchema":"1a1c01bbd47fc00a2c39e90264f33305004495a9","hash":"f74df06dbd0c5070ded9806610e7fe7a51f7e49c"}
,"D:\\Github\\OverlayScrollbars\\packages\\overlayscrollbars\\src\\core\\dom\\classes.ts": {"path":"D:\\Github\\OverlayScrollbars\\packages\\overlayscrollbars\\src\\core\\dom\\classes.ts","statementMap":{"0":{"start":{"line":3,"column":22},"end":{"line":3,"column":41}},"1":{"start":{"line":10,"column":70},"end":{"line":10,"column":123}},"2":{"start":{"line":10,"column":90},"end":{"line":10,"column":123}},"3":{"start":{"line":17,"column":67},"end":{"line":27,"column":1}},"4":{"start":{"line":19,"column":10},"end":{"line":19,"column":11}},"5":{"start":{"line":21,"column":2},"end":{"line":26,"column":3}},"6":{"start":{"line":22,"column":35},"end":{"line":22,"column":71}},"7":{"start":{"line":23,"column":4},"end":{"line":25,"column":5}},"8":{"start":{"line":24,"column":6},"end":{"line":24,"column":31}},"9":{"start":{"line":34,"column":70},"end":{"line":44,"column":1}},"10":{"start":{"line":36,"column":10},"end":{"line":36,"column":11}},"11":{"start":{"line":38,"column":2},"end":{"line":43,"column":3}},"12":{"start":{"line":39,"column":35},"end":{"line":39,"column":71}},"13":{"start":{"line":40,"column":4},"end":{"line":42,"column":5}},"14":{"start":{"line":41,"column":6},"end":{"line":41,"column":34}},"15":{"start":{"line":52,"column":95},"end":{"line":58,"column":1}},"16":{"start":{"line":53,"column":2},"end":{"line":57,"column":3}},"17":{"start":{"line":54,"column":4},"end":{"line":54,"column":29}},"18":{"start":{"line":56,"column":4},"end":{"line":56,"column":32}}},"fnMap":{"0":{"name":"(anonymous_0)","decl":{"start":{"line":10,"column":70},"end":{"line":10,"column":71}},"loc":{"start":{"line":10,"column":90},"end":{"line":10,"column":123}},"line":10},"1":{"name":"(anonymous_1)","decl":{"start":{"line":17,"column":67},"end":{"line":17,"column":68}},"loc":{"start":{"line":17,"column":87},"end":{"line":27,"column":1}},"line":17},"2":{"name":"(anonymous_2)","decl":{"start":{"line":34,"column":70},"end":{"line":34,"column":71}},"loc":{"start":{"line":34,"column":90},"end":{"line":44,"column":1}},"line":34},"3":{"name":"(anonymous_3)","decl":{"start":{"line":52,"column":95},"end":{"line":52,"column":96}},"loc":{"start":{"line":52,"column":126},"end":{"line":58,"column":1}},"line":52}},"branchMap":{"0":{"loc":{"start":{"line":21,"column":2},"end":{"line":26,"column":3}},"type":"if","locations":[{"start":{"line":21,"column":2},"end":{"line":26,"column":3}},{"start":{"line":21,"column":2},"end":{"line":26,"column":3}}],"line":21},"1":{"loc":{"start":{"line":22,"column":35},"end":{"line":22,"column":71}},"type":"binary-expr","locations":[{"start":{"line":22,"column":35},"end":{"line":22,"column":65}},{"start":{"line":22,"column":69},"end":{"line":22,"column":71}}],"line":22},"2":{"loc":{"start":{"line":38,"column":2},"end":{"line":43,"column":3}},"type":"if","locations":[{"start":{"line":38,"column":2},"end":{"line":43,"column":3}},{"start":{"line":38,"column":2},"end":{"line":43,"column":3}}],"line":38},"3":{"loc":{"start":{"line":39,"column":35},"end":{"line":39,"column":71}},"type":"binary-expr","locations":[{"start":{"line":39,"column":35},"end":{"line":39,"column":65}},{"start":{"line":39,"column":69},"end":{"line":39,"column":71}}],"line":39},"4":{"loc":{"start":{"line":53,"column":2},"end":{"line":57,"column":3}},"type":"if","locations":[{"start":{"line":53,"column":2},"end":{"line":57,"column":3}},{"start":{"line":53,"column":2},"end":{"line":57,"column":3}}],"line":53}},"s":{"0":4,"1":4,"2":7,"3":4,"4":11,"5":11,"6":9,"7":9,"8":11,"9":4,"10":7,"11":7,"12":5,"13":5,"14":6,"15":4,"16":4,"17":2,"18":2},"f":{"0":7,"1":11,"2":7,"3":4},"b":{"0":[9,2],"1":[9,1],"2":[5,2],"3":[5,1],"4":[2,2]},"_coverageSchema":"1a1c01bbd47fc00a2c39e90264f33305004495a9","hash":"084fad57e0e8ea912a85b609a33c26729047477a"}
,"D:\\Github\\OverlayScrollbars\\packages\\overlayscrollbars\\src\\core\\dom\\create.ts": {"path":"D:\\Github\\OverlayScrollbars\\packages\\overlayscrollbars\\src\\core\\dom\\create.ts","statementMap":{"0":{"start":{"line":5,"column":47},"end":{"line":5,"column":82}},"1":{"start":{"line":5,"column":53},"end":{"line":5,"column":82}},"2":{"start":{"line":7,"column":64},"end":{"line":12,"column":1}},"3":{"start":{"line":8,"column":21},"end":{"line":8,"column":32}},"4":{"start":{"line":9,"column":2},"end":{"line":9,"column":37}},"5":{"start":{"line":11,"column":2},"end":{"line":11,"column":66}},"6":{"start":{"line":11,"column":45},"end":{"line":11,"column":64}}},"fnMap":{"0":{"name":"(anonymous_0)","decl":{"start":{"line":5,"column":47},"end":{"line":5,"column":48}},"loc":{"start":{"line":5,"column":53},"end":{"line":5,"column":82}},"line":5},"1":{"name":"(anonymous_1)","decl":{"start":{"line":7,"column":64},"end":{"line":7,"column":65}},"loc":{"start":{"line":7,"column":74},"end":{"line":12,"column":1}},"line":7},"2":{"name":"(anonymous_2)","decl":{"start":{"line":11,"column":36},"end":{"line":11,"column":37}},"loc":{"start":{"line":11,"column":45},"end":{"line":11,"column":64}},"line":11}},"branchMap":{},"s":{"0":4,"1":204,"2":4,"3":3,"4":3,"5":3,"6":9},"f":{"0":204,"1":3,"2":9},"b":{},"_coverageSchema":"1a1c01bbd47fc00a2c39e90264f33305004495a9","hash":"ba22621717e4be9b35da2ed151e6b28cb806a48b"}
,"D:\\Github\\OverlayScrollbars\\packages\\overlayscrollbars\\src\\core\\dom\\index.ts": {"path":"D:\\Github\\OverlayScrollbars\\packages\\overlayscrollbars\\src\\core\\dom\\index.ts","statementMap":{},"fnMap":{},"branchMap":{},"s":{},"f":{},"b":{},"_coverageSchema":"1a1c01bbd47fc00a2c39e90264f33305004495a9","hash":"6b31aa5fc7ed5da8d2cf0825ed707578b6517fa7"}
,"D:\\Github\\OverlayScrollbars\\packages\\overlayscrollbars\\src\\core\\dom\\manipulation.ts": {"path":"D:\\Github\\OverlayScrollbars\\packages\\overlayscrollbars\\src\\core\\dom\\manipulation.ts","statementMap":{"0":{"start":{"line":13,"column":109},"end":{"line":50,"column":1}},"1":{"start":{"line":18,"column":2},"end":{"line":49,"column":3}},"2":{"start":{"line":19,"column":30},"end":{"line":19,"column":45}},"3":{"start":{"line":23,"column":4},"end":{"line":48,"column":5}},"4":{"start":{"line":24,"column":6},"end":{"line":36,"column":7}},"5":{"start":{"line":25,"column":8},"end":{"line":25,"column":53}},"6":{"start":{"line":28,"column":8},"end":{"line":33,"column":11}},"7":{"start":{"line":29,"column":10},"end":{"line":31,"column":11}},"8":{"start":{"line":30,"column":12},"end":{"line":30,"column":49}},"9":{"start":{"line":32,"column":10},"end":{"line":32,"column":45}},"10":{"start":{"line":35,"column":8},"end":{"line":35,"column":32}},"11":{"start":{"line":39,"column":6},"end":{"line":45,"column":7}},"12":{"start":{"line":40,"column":8},"end":{"line":44,"column":9}},"13":{"start":{"line":41,"column":10},"end":{"line":41,"column":40}},"14":{"start":{"line":42,"column":15},"end":{"line":44,"column":9}},"15":{"start":{"line":43,"column":10},"end":{"line":43,"column":38}},"16":{"start":{"line":47,"column":6},"end":{"line":47,"column":47}},"17":{"start":{"line":57,"column":85},"end":{"line":59,"column":1}},"18":{"start":{"line":58,"column":2},"end":{"line":58,"column":31}},"19":{"start":{"line":66,"column":86},"end":{"line":68,"column":1}},"20":{"start":{"line":67,"column":2},"end":{"line":67,"column":50}},"21":{"start":{"line":75,"column":88},"end":{"line":77,"column":1}},"22":{"start":{"line":76,"column":2},"end":{"line":76,"column":44}},"23":{"start":{"line":84,"column":87},"end":{"line":86,"column":1}},"24":{"start":{"line":85,"column":2},"end":{"line":85,"column":64}},"25":{"start":{"line":92,"column":63},"end":{"line":101,"column":1}},"26":{"start":{"line":93,"column":2},"end":{"line":100,"column":3}},"27":{"start":{"line":94,"column":4},"end":{"line":94,"column":54}},"28":{"start":{"line":94,"column":35},"end":{"line":94,"column":52}},"29":{"start":{"line":95,"column":9},"end":{"line":100,"column":3}},"30":{"start":{"line":96,"column":27},"end":{"line":96,"column":32}},"31":{"start":{"line":97,"column":4},"end":{"line":99,"column":5}},"32":{"start":{"line":98,"column":6},"end":{"line":98,"column":36}}},"fnMap":{"0":{"name":"(anonymous_0)","decl":{"start":{"line":13,"column":109},"end":{"line":13,"column":110}},"loc":{"start":{"line":17,"column":5},"end":{"line":50,"column":1}},"line":17},"1":{"name":"(anonymous_1)","decl":{"start":{"line":28,"column":27},"end":{"line":28,"column":28}},"loc":{"start":{"line":28,"column":44},"end":{"line":33,"column":9}},"line":28},"2":{"name":"(anonymous_2)","decl":{"start":{"line":57,"column":85},"end":{"line":57,"column":86}},"loc":{"start":{"line":57,"column":105},"end":{"line":59,"column":1}},"line":57},"3":{"name":"(anonymous_3)","decl":{"start":{"line":66,"column":86},"end":{"line":66,"column":87}},"loc":{"start":{"line":66,"column":106},"end":{"line":68,"column":1}},"line":66},"4":{"name":"(anonymous_4)","decl":{"start":{"line":75,"column":88},"end":{"line":75,"column":89}},"loc":{"start":{"line":75,"column":113},"end":{"line":77,"column":1}},"line":75},"5":{"name":"(anonymous_5)","decl":{"start":{"line":84,"column":87},"end":{"line":84,"column":88}},"loc":{"start":{"line":84,"column":112},"end":{"line":86,"column":1}},"line":84},"6":{"name":"(anonymous_6)","decl":{"start":{"line":92,"column":63},"end":{"line":92,"column":64}},"loc":{"start":{"line":92,"column":74},"end":{"line":101,"column":1}},"line":92},"7":{"name":"(anonymous_7)","decl":{"start":{"line":94,"column":28},"end":{"line":94,"column":29}},"loc":{"start":{"line":94,"column":35},"end":{"line":94,"column":52}},"line":94}},"branchMap":{"0":{"loc":{"start":{"line":18,"column":2},"end":{"line":49,"column":3}},"type":"if","locations":[{"start":{"line":18,"column":2},"end":{"line":49,"column":3}},{"start":{"line":18,"column":2},"end":{"line":49,"column":3}}],"line":18},"1":{"loc":{"start":{"line":23,"column":4},"end":{"line":48,"column":5}},"type":"if","locations":[{"start":{"line":23,"column":4},"end":{"line":48,"column":5}},{"start":{"line":23,"column":4},"end":{"line":48,"column":5}}],"line":23},"2":{"loc":{"start":{"line":24,"column":6},"end":{"line":36,"column":7}},"type":"if","locations":[{"start":{"line":24,"column":6},"end":{"line":36,"column":7}},{"start":{"line":24,"column":6},"end":{"line":36,"column":7}}],"line":24},"3":{"loc":{"start":{"line":29,"column":10},"end":{"line":31,"column":11}},"type":"if","locations":[{"start":{"line":29,"column":10},"end":{"line":31,"column":11}},{"start":{"line":29,"column":10},"end":{"line":31,"column":11}}],"line":29},"4":{"loc":{"start":{"line":39,"column":6},"end":{"line":45,"column":7}},"type":"if","locations":[{"start":{"line":39,"column":6},"end":{"line":45,"column":7}},{"start":{"line":39,"column":6},"end":{"line":45,"column":7}}],"line":39},"5":{"loc":{"start":{"line":40,"column":8},"end":{"line":44,"column":9}},"type":"if","locations":[{"start":{"line":40,"column":8},"end":{"line":44,"column":9}},{"start":{"line":40,"column":8},"end":{"line":44,"column":9}}],"line":40},"6":{"loc":{"start":{"line":42,"column":15},"end":{"line":44,"column":9}},"type":"if","locations":[{"start":{"line":42,"column":15},"end":{"line":44,"column":9}},{"start":{"line":42,"column":15},"end":{"line":44,"column":9}}],"line":42},"7":{"loc":{"start":{"line":67,"column":15},"end":{"line":67,"column":38}},"type":"binary-expr","locations":[{"start":{"line":67,"column":15},"end":{"line":67,"column":19}},{"start":{"line":67,"column":23},"end":{"line":67,"column":38}}],"line":67},"8":{"loc":{"start":{"line":85,"column":23},"end":{"line":85,"column":47}},"type":"binary-expr","locations":[{"start":{"line":85,"column":23},"end":{"line":85,"column":27}},{"start":{"line":85,"column":31},"end":{"line":85,"column":47}}],"line":85},"9":{"loc":{"start":{"line":93,"column":2},"end":{"line":100,"column":3}},"type":"if","locations":[{"start":{"line":93,"column":2},"end":{"line":100,"column":3}},{"start":{"line":93,"column":2},"end":{"line":100,"column":3}}],"line":93},"10":{"loc":{"start":{"line":95,"column":9},"end":{"line":100,"column":3}},"type":"if","locations":[{"start":{"line":95,"column":9},"end":{"line":100,"column":3}},{"start":{"line":95,"column":9},"end":{"line":100,"column":3}}],"line":95},"11":{"loc":{"start":{"line":97,"column":4},"end":{"line":99,"column":5}},"type":"if","locations":[{"start":{"line":97,"column":4},"end":{"line":99,"column":5}},{"start":{"line":97,"column":4},"end":{"line":99,"column":5}}],"line":97}},"s":{"0":4,"1":24,"2":20,"3":20,"4":16,"5":8,"6":8,"7":24,"8":3,"9":24,"10":8,"11":16,"12":12,"13":1,"14":11,"15":2,"16":16,"17":4,"18":6,"19":4,"20":6,"21":4,"22":6,"23":4,"24":6,"25":4,"26":23,"27":2,"28":9,"29":21,"30":20,"31":20,"32":15},"f":{"0":24,"1":24,"2":6,"3":6,"4":6,"5":6,"6":23,"7":9},"b":{"0":[20,4],"1":[16,4],"2":[8,8],"3":[3,21],"4":[12,4],"5":[1,11],"6":[2,9],"7":[6,5],"8":[6,5],"9":[2,21],"10":[20,1],"11":[15,5]},"_coverageSchema":"1a1c01bbd47fc00a2c39e90264f33305004495a9","hash":"3702dc2985c5fcb4037464125bf2765a0d14dc77"}
,"D:\\Github\\OverlayScrollbars\\packages\\overlayscrollbars\\src\\core\\dom\\offset.ts": {"path":"D:\\Github\\OverlayScrollbars\\packages\\overlayscrollbars\\src\\core\\dom\\offset.ts","statementMap":{"0":{"start":{"line":1,"column":22},"end":{"line":7,"column":1}},"1":{"start":{"line":2,"column":15},"end":{"line":2,"column":42}},"2":{"start":{"line":3,"column":2},"end":{"line":6,"column":4}},"3":{"start":{"line":9,"column":24},"end":{"line":12,"column":2}},"4":{"start":{"line":9,"column":47},"end":{"line":12,"column":1}}},"fnMap":{"0":{"name":"(anonymous_0)","decl":{"start":{"line":1,"column":22},"end":{"line":1,"column":23}},"loc":{"start":{"line":1,"column":44},"end":{"line":7,"column":1}},"line":1},"1":{"name":"(anonymous_1)","decl":{"start":{"line":9,"column":24},"end":{"line":9,"column":25}},"loc":{"start":{"line":9,"column":47},"end":{"line":12,"column":1}},"line":9}},"branchMap":{},"s":{"0":3,"1":0,"2":0,"3":3,"4":0},"f":{"0":0,"1":0},"b":{},"_coverageSchema":"1a1c01bbd47fc00a2c39e90264f33305004495a9","hash":"979a84f27d8862ff69ea2eb04c11c93d1e2dd330"}
,"D:\\Github\\OverlayScrollbars\\packages\\overlayscrollbars\\src\\core\\dom\\style.ts": {"path":"D:\\Github\\OverlayScrollbars\\packages\\overlayscrollbars\\src\\core\\dom\\style.ts","statementMap":{"0":{"start":{"line":5,"column":18},"end":{"line":19,"column":1}},"1":{"start":{"line":21,"column":77},"end":{"line":22,"column":68}},"2":{"start":{"line":22,"column":2},"end":{"line":22,"column":68}},"3":{"start":{"line":24,"column":82},"end":{"line":30,"column":1}},"4":{"start":{"line":25,"column":2},"end":{"line":29,"column":16}},"5":{"start":{"line":26,"column":4},"end":{"line":28,"column":5}},"6":{"start":{"line":27,"column":6},"end":{"line":27,"column":47}},"7":{"start":{"line":35,"column":22},"end":{"line":35,"column":45}},"8":{"start":{"line":37,"column":2},"end":{"line":47,"column":3}},"9":{"start":{"line":38,"column":4},"end":{"line":43,"column":5}},"10":{"start":{"line":39,"column":44},"end":{"line":39,"column":66}},"11":{"start":{"line":42,"column":6},"end":{"line":42,"column":86}},"12":{"start":{"line":44,"column":4},"end":{"line":44,"column":32}},"13":{"start":{"line":46,"column":4},"end":{"line":46,"column":75}},"14":{"start":{"line":46,"column":41},"end":{"line":46,"column":73}},"15":{"start":{"line":50,"column":48},"end":{"line":52,"column":1}},"16":{"start":{"line":51,"column":2},"end":{"line":51,"column":29}},"17":{"start":{"line":54,"column":48},"end":{"line":56,"column":1}},"18":{"start":{"line":55,"column":2},"end":{"line":55,"column":30}}},"fnMap":{"0":{"name":"(anonymous_0)","decl":{"start":{"line":21,"column":77},"end":{"line":21,"column":78}},"loc":{"start":{"line":22,"column":2},"end":{"line":22,"column":68}},"line":22},"1":{"name":"(anonymous_1)","decl":{"start":{"line":24,"column":82},"end":{"line":24,"column":83}},"loc":{"start":{"line":24,"column":102},"end":{"line":30,"column":1}},"line":24},"2":{"name":"style","decl":{"start":{"line":34,"column":16},"end":{"line":34,"column":21}},"loc":{"start":{"line":34,"column":108},"end":{"line":48,"column":1}},"line":34},"3":{"name":"(anonymous_3)","decl":{"start":{"line":46,"column":32},"end":{"line":46,"column":33}},"loc":{"start":{"line":46,"column":41},"end":{"line":46,"column":73}},"line":46},"4":{"name":"(anonymous_4)","decl":{"start":{"line":50,"column":48},"end":{"line":50,"column":49}},"loc":{"start":{"line":50,"column":57},"end":{"line":52,"column":1}},"line":50},"5":{"name":"(anonymous_5)","decl":{"start":{"line":54,"column":48},"end":{"line":54,"column":49}},"loc":{"start":{"line":54,"column":57},"end":{"line":56,"column":1}},"line":54}},"branchMap":{"0":{"loc":{"start":{"line":22,"column":2},"end":{"line":22,"column":68}},"type":"cond-expr","locations":[{"start":{"line":22,"column":52},"end":{"line":22,"column":62}},{"start":{"line":22,"column":65},"end":{"line":22,"column":68}}],"line":22},"1":{"loc":{"start":{"line":22,"column":2},"end":{"line":22,"column":49}},"type":"binary-expr","locations":[{"start":{"line":22,"column":2},"end":{"line":22,"column":32}},{"start":{"line":22,"column":36},"end":{"line":22,"column":49}}],"line":22},"2":{"loc":{"start":{"line":26,"column":4},"end":{"line":28,"column":5}},"type":"if","locations":[{"start":{"line":26,"column":4},"end":{"line":28,"column":5}},{"start":{"line":26,"column":4},"end":{"line":28,"column":5}}],"line":26},"3":{"loc":{"start":{"line":37,"column":2},"end":{"line":47,"column":3}},"type":"if","locations":[{"start":{"line":37,"column":2},"end":{"line":47,"column":3}},{"start":{"line":37,"column":2},"end":{"line":47,"column":3}}],"line":37},"4":{"loc":{"start":{"line":38,"column":4},"end":{"line":43,"column":5}},"type":"if","locations":[{"start":{"line":38,"column":4},"end":{"line":43,"column":5}},{"start":{"line":38,"column":4},"end":{"line":43,"column":5}}],"line":38},"5":{"loc":{"start":{"line":42,"column":13},"end":{"line":42,"column":85}},"type":"cond-expr","locations":[{"start":{"line":42,"column":32},"end":{"line":42,"column":65}},{"start":{"line":42,"column":68},"end":{"line":42,"column":85}}],"line":42}},"s":{"0":3,"1":3,"2":0,"3":3,"4":0,"5":0,"6":0,"7":0,"8":0,"9":0,"10":0,"11":0,"12":0,"13":0,"14":0,"15":3,"16":0,"17":3,"18":0},"f":{"0":0,"1":0,"2":0,"3":0,"4":0,"5":0},"b":{"0":[0,0],"1":[0,0],"2":[0,0],"3":[0,0],"4":[0,0],"5":[0,0]},"_coverageSchema":"1a1c01bbd47fc00a2c39e90264f33305004495a9","hash":"0e5fc12de34606c8ea07c428caffa6c6733145bc"}
,"D:\\Github\\OverlayScrollbars\\packages\\overlayscrollbars\\src\\core\\dom\\traversal.ts": {"path":"D:\\Github\\OverlayScrollbars\\packages\\overlayscrollbars\\src\\core\\dom\\traversal.ts","statementMap":{"0":{"start":{"line":3,"column":56},"end":{"line":3,"column":135}},"1":{"start":{"line":3,"column":65},"end":{"line":3,"column":135}},"2":{"start":{"line":5,"column":88},"end":{"line":13,"column":1}},"3":{"start":{"line":6,"column":30},"end":{"line":6,"column":32}},"4":{"start":{"line":8,"column":2},"end":{"line":10,"column":5}},"5":{"start":{"line":9,"column":4},"end":{"line":9,"column":16}},"6":{"start":{"line":12,"column":2},"end":{"line":12,"column":13}},"7":{"start":{"line":15,"column":85},"end":{"line":15,"column":146}},"8":{"start":{"line":15,"column":105},"end":{"line":15,"column":146}},"9":{"start":{"line":17,"column":70},"end":{"line":30,"column":1}},"10":{"start":{"line":18,"column":2},"end":{"line":28,"column":3}},"11":{"start":{"line":19,"column":4},"end":{"line":21,"column":5}},"12":{"start":{"line":20,"column":6},"end":{"line":20,"column":50}},"13":{"start":{"line":22,"column":4},"end":{"line":24,"column":5}},"14":{"start":{"line":23,"column":6},"end":{"line":23,"column":51}},"15":{"start":{"line":25,"column":4},"end":{"line":27,"column":5}},"16":{"start":{"line":26,"column":6},"end":{"line":26,"column":18}},"17":{"start":{"line":29,"column":2},"end":{"line":29,"column":15}},"18":{"start":{"line":32,"column":92},"end":{"line":46,"column":1}},"19":{"start":{"line":33,"column":33},"end":{"line":33,"column":35}},"20":{"start":{"line":35,"column":2},"end":{"line":43,"column":5}},"21":{"start":{"line":36,"column":4},"end":{"line":42,"column":5}},"22":{"start":{"line":37,"column":6},"end":{"line":39,"column":7}},"23":{"start":{"line":38,"column":8},"end":{"line":38,"column":27}},"24":{"start":{"line":41,"column":6},"end":{"line":41,"column":25}},"25":{"start":{"line":45,"column":2},"end":{"line":45,"column":16}},"26":{"start":{"line":48,"column":75},"end":{"line":48,"column":134}},"27":{"start":{"line":48,"column":85},"end":{"line":48,"column":133}},"28":{"start":{"line":50,"column":57},"end":{"line":50,"column":98}},"29":{"start":{"line":50,"column":67},"end":{"line":50,"column":97}}},"fnMap":{"0":{"name":"(anonymous_0)","decl":{"start":{"line":3,"column":56},"end":{"line":3,"column":57}},"loc":{"start":{"line":3,"column":65},"end":{"line":3,"column":135}},"line":3},"1":{"name":"(anonymous_1)","decl":{"start":{"line":5,"column":88},"end":{"line":5,"column":89}},"loc":{"start":{"line":5,"column":108},"end":{"line":13,"column":1}},"line":5},"2":{"name":"(anonymous_2)","decl":{"start":{"line":8,"column":53},"end":{"line":8,"column":54}},"loc":{"start":{"line":8,"column":69},"end":{"line":10,"column":3}},"line":8},"3":{"name":"(anonymous_3)","decl":{"start":{"line":15,"column":85},"end":{"line":15,"column":86}},"loc":{"start":{"line":15,"column":105},"end":{"line":15,"column":146}},"line":15},"4":{"name":"(anonymous_4)","decl":{"start":{"line":17,"column":70},"end":{"line":17,"column":71}},"loc":{"start":{"line":17,"column":89},"end":{"line":30,"column":1}},"line":17},"5":{"name":"(anonymous_5)","decl":{"start":{"line":32,"column":92},"end":{"line":32,"column":93}},"loc":{"start":{"line":32,"column":112},"end":{"line":46,"column":1}},"line":32},"6":{"name":"(anonymous_6)","decl":{"start":{"line":35,"column":28},"end":{"line":35,"column":29}},"loc":{"start":{"line":35,"column":48},"end":{"line":43,"column":3}},"line":35},"7":{"name":"(anonymous_7)","decl":{"start":{"line":48,"column":75},"end":{"line":48,"column":76}},"loc":{"start":{"line":48,"column":85},"end":{"line":48,"column":133}},"line":48},"8":{"name":"(anonymous_8)","decl":{"start":{"line":50,"column":57},"end":{"line":50,"column":58}},"loc":{"start":{"line":50,"column":67},"end":{"line":50,"column":97}},"line":50}},"branchMap":{"0":{"loc":{"start":{"line":3,"column":68},"end":{"line":3,"column":134}},"type":"binary-expr","locations":[{"start":{"line":3,"column":68},"end":{"line":3,"column":83}},{"start":{"line":3,"column":87},"end":{"line":3,"column":103}},{"start":{"line":3,"column":107},"end":{"line":3,"column":134}}],"line":3},"1":{"loc":{"start":{"line":8,"column":8},"end":{"line":8,"column":23}},"type":"binary-expr","locations":[{"start":{"line":8,"column":8},"end":{"line":8,"column":11}},{"start":{"line":8,"column":15},"end":{"line":8,"column":23}}],"line":8},"2":{"loc":{"start":{"line":15,"column":106},"end":{"line":15,"column":121}},"type":"binary-expr","locations":[{"start":{"line":15,"column":106},"end":{"line":15,"column":109}},{"start":{"line":15,"column":113},"end":{"line":15,"column":121}}],"line":15},"3":{"loc":{"start":{"line":18,"column":2},"end":{"line":28,"column":3}},"type":"if","locations":[{"start":{"line":18,"column":2},"end":{"line":28,"column":3}},{"start":{"line":18,"column":2},"end":{"line":28,"column":3}}],"line":18},"4":{"loc":{"start":{"line":19,"column":4},"end":{"line":21,"column":5}},"type":"if","locations":[{"start":{"line":19,"column":4},"end":{"line":21,"column":5}},{"start":{"line":19,"column":4},"end":{"line":21,"column":5}}],"line":19},"5":{"loc":{"start":{"line":22,"column":4},"end":{"line":24,"column":5}},"type":"if","locations":[{"start":{"line":22,"column":4},"end":{"line":24,"column":5}},{"start":{"line":22,"column":4},"end":{"line":24,"column":5}}],"line":22},"6":{"loc":{"start":{"line":25,"column":4},"end":{"line":27,"column":5}},"type":"if","locations":[{"start":{"line":25,"column":4},"end":{"line":27,"column":5}},{"start":{"line":25,"column":4},"end":{"line":27,"column":5}}],"line":25},"7":{"loc":{"start":{"line":35,"column":7},"end":{"line":35,"column":26}},"type":"binary-expr","locations":[{"start":{"line":35,"column":7},"end":{"line":35,"column":10}},{"start":{"line":35,"column":14},"end":{"line":35,"column":26}}],"line":35},"8":{"loc":{"start":{"line":36,"column":4},"end":{"line":42,"column":5}},"type":"if","locations":[{"start":{"line":36,"column":4},"end":{"line":42,"column":5}},{"start":{"line":36,"column":4},"end":{"line":42,"column":5}}],"line":36},"9":{"loc":{"start":{"line":37,"column":6},"end":{"line":39,"column":7}},"type":"if","locations":[{"start":{"line":37,"column":6},"end":{"line":39,"column":7}},{"start":{"line":37,"column":6},"end":{"line":39,"column":7}}],"line":37},"10":{"loc":{"start":{"line":48,"column":85},"end":{"line":48,"column":133}},"type":"cond-expr","locations":[{"start":{"line":48,"column":91},"end":{"line":48,"column":128}},{"start":{"line":48,"column":131},"end":{"line":48,"column":133}}],"line":48},"11":{"loc":{"start":{"line":50,"column":67},"end":{"line":50,"column":97}},"type":"cond-expr","locations":[{"start":{"line":50,"column":73},"end":{"line":50,"column":90}},{"start":{"line":50,"column":93},"end":{"line":50,"column":97}}],"line":50}},"s":{"0":4,"1":4,"2":4,"3":6,"4":6,"5":18,"6":6,"7":4,"8":19,"9":4,"10":31,"11":22,"12":2,"13":20,"14":2,"15":18,"16":6,"17":21,"18":4,"19":3,"20":3,"21":6,"22":3,"23":1,"24":3,"25":3,"26":4,"27":38,"28":4,"29":14},"f":{"0":4,"1":6,"2":18,"3":19,"4":31,"5":3,"6":6,"7":38,"8":14},"b":{"0":[4,4,4],"1":[6,5],"2":[19,18],"3":[22,9],"4":[2,20],"5":[2,18],"6":[6,12],"7":[3,2],"8":[3,3],"9":[1,2],"10":[37,1],"11":[11,3]},"_coverageSchema":"1a1c01bbd47fc00a2c39e90264f33305004495a9","hash":"d64988b1b86e1fd4e38b2ca7a1e6659394d4d2c9"}
,"D:\\Github\\OverlayScrollbars\\packages\\overlayscrollbars\\src\\core\\options\\index.ts": {"path":"D:\\Github\\OverlayScrollbars\\packages\\overlayscrollbars\\src\\core\\options\\index.ts","statementMap":{},"fnMap":{},"branchMap":{},"s":{},"f":{},"b":{},"_coverageSchema":"1a1c01bbd47fc00a2c39e90264f33305004495a9","hash":"4f1e062d7329b627b761613ca309fd6f53fa5a18"}
,"D:\\Github\\OverlayScrollbars\\packages\\overlayscrollbars\\src\\core\\options\\transformation.ts": {"path":"D:\\Github\\OverlayScrollbars\\packages\\overlayscrollbars\\src\\core\\options\\transformation.ts","statementMap":{"0":{"start":{"line":19,"column":22},"end":{"line":19,"column":24}},"1":{"start":{"line":21,"column":2},"end":{"line":30,"column":5}},"2":{"start":{"line":22,"column":82},"end":{"line":22,"column":113}},"3":{"start":{"line":25,"column":4},"end":{"line":29,"column":5}},"4":{"start":{"line":26,"column":6},"end":{"line":26,"column":44}},"5":{"start":{"line":32,"column":2},"end":{"line":32,"column":16}}},"fnMap":{"0":{"name":"transform","decl":{"start":{"line":15,"column":16},"end":{"line":15,"column":25}},"loc":{"start":{"line":18,"column":26},"end":{"line":33,"column":1}},"line":18},"1":{"name":"(anonymous_1)","decl":{"start":{"line":21,"column":48},"end":{"line":21,"column":49}},"loc":{"start":{"line":21,"column":83},"end":{"line":30,"column":3}},"line":21}},"branchMap":{"0":{"loc":{"start":{"line":25,"column":4},"end":{"line":29,"column":5}},"type":"if","locations":[{"start":{"line":25,"column":4},"end":{"line":29,"column":5}}],"line":25},"1":{"loc":{"start":{"line":26,"column":24},"end":{"line":26,"column":42}},"type":"cond-expr","locations":[{"start":{"line":26,"column":37},"end":{"line":26,"column":38}},{"start":{"line":26,"column":41},"end":{"line":26,"column":42}}],"line":26}},"s":{"0":16,"1":16,"2":102,"3":102,"4":90,"5":16},"f":{"0":16,"1":102},"b":{"0":[90],"1":[45,45]},"_coverageSchema":"1a1c01bbd47fc00a2c39e90264f33305004495a9","hash":"0a28526e97cf0e48fa161b501d43a1d7b75952bb"}
,"D:\\Github\\OverlayScrollbars\\packages\\overlayscrollbars\\src\\core\\options\\validation.ts": {"path":"D:\\Github\\OverlayScrollbars\\packages\\overlayscrollbars\\src\\core\\options\\validation.ts","statementMap":{"0":{"start":{"line":13,"column":22},"end":{"line":13,"column":26}},"1":{"start":{"line":18,"column":60},"end":{"line":18,"column":81}},"2":{"start":{"line":24,"column":61},"end":{"line":30,"column":1}},"3":{"start":{"line":26,"column":4},"end":{"line":26,"column":84}},"4":{"start":{"line":27,"column":4},"end":{"line":27,"column":18}},"5":{"start":{"line":50,"column":26},"end":{"line":131,"column":1}},"6":{"start":{"line":57,"column":48},"end":{"line":57,"column":50}},"7":{"start":{"line":58,"column":25},"end":{"line":58,"column":39}},"8":{"start":{"line":59,"column":16},"end":{"line":59,"column":84}},"9":{"start":{"line":59,"column":55},"end":{"line":59,"column":83}},"10":{"start":{"line":61,"column":2},"end":{"line":125,"column":5}},"11":{"start":{"line":62,"column":34},"end":{"line":62,"column":89}},"12":{"start":{"line":63,"column":30},"end":{"line":63,"column":43}},"13":{"start":{"line":64,"column":101},"end":{"line":64,"column":115}},"14":{"start":{"line":65,"column":30},"end":{"line":65,"column":58}},"15":{"start":{"line":66,"column":23},"end":{"line":66,"column":53}},"16":{"start":{"line":69,"column":4},"end":{"line":124,"column":5}},"17":{"start":{"line":70,"column":30},"end":{"line":70,"column":143}},"18":{"start":{"line":71,"column":6},"end":{"line":71,"column":57}},"19":{"start":{"line":72,"column":6},"end":{"line":72,"column":57}},"20":{"start":{"line":74,"column":6},"end":{"line":78,"column":9}},"21":{"start":{"line":75,"column":8},"end":{"line":77,"column":9}},"22":{"start":{"line":76,"column":10},"end":{"line":76,"column":29}},"23":{"start":{"line":79,"column":11},"end":{"line":124,"column":5}},"24":{"start":{"line":80,"column":20},"end":{"line":80,"column":25}},"25":{"start":{"line":81,"column":46},"end":{"line":81,"column":48}},"26":{"start":{"line":82,"column":48},"end":{"line":82,"column":50}},"27":{"start":{"line":83,"column":31},"end":{"line":83,"column":49}},"28":{"start":{"line":84,"column":69},"end":{"line":86,"column":56}},"29":{"start":{"line":88,"column":6},"end":{"line":107,"column":9}},"30":{"start":{"line":90,"column":29},"end":{"line":90,"column":95}},"31":{"start":{"line":91,"column":8},"end":{"line":100,"column":9}},"32":{"start":{"line":93,"column":34},"end":{"line":93,"column":61}},"33":{"start":{"line":94,"column":10},"end":{"line":94,"column":90}},"34":{"start":{"line":94,"column":60},"end":{"line":94,"column":88}},"35":{"start":{"line":97,"column":10},"end":{"line":97,"column":52}},"36":{"start":{"line":99,"column":10},"end":{"line":99,"column":80}},"37":{"start":{"line":103,"column":8},"end":{"line":103,"column":95}},"38":{"start":{"line":106,"column":8},"end":{"line":106,"column":24}},"39":{"start":{"line":109,"column":6},"end":{"line":121,"column":7}},"40":{"start":{"line":110,"column":38},"end":{"line":110,"column":90}},"41":{"start":{"line":111,"column":8},"end":{"line":113,"column":9}},"42":{"start":{"line":112,"column":10},"end":{"line":112,"column":48}},"43":{"start":{"line":114,"column":13},"end":{"line":121,"column":7}},"44":{"start":{"line":115,"column":8},"end":{"line":120,"column":10}},"45":{"start":{"line":123,"column":6},"end":{"line":123,"column":31}},"46":{"start":{"line":127,"column":2},"end":{"line":130,"column":4}},"47":{"start":{"line":150,"column":17},"end":{"line":166,"column":1}},"48":{"start":{"line":165,"column":2},"end":{"line":165,"column":89}}},"fnMap":{"0":{"name":"(anonymous_0)","decl":{"start":{"line":25,"column":2},"end":{"line":25,"column":3}},"loc":{"start":{"line":25,"column":20},"end":{"line":28,"column":3}},"line":25},"1":{"name":"(anonymous_1)","decl":{"start":{"line":50,"column":26},"end":{"line":50,"column":27}},"loc":{"start":{"line":56,"column":29},"end":{"line":131,"column":1}},"line":56},"2":{"name":"(anonymous_2)","decl":{"start":{"line":59,"column":45},"end":{"line":59,"column":46}},"loc":{"start":{"line":59,"column":55},"end":{"line":59,"column":83}},"line":59},"3":{"name":"(anonymous_3)","decl":{"start":{"line":61,"column":14},"end":{"line":61,"column":15}},"loc":{"start":{"line":61,"column":50},"end":{"line":125,"column":3}},"line":61},"4":{"name":"(anonymous_4)","decl":{"start":{"line":74,"column":44},"end":{"line":74,"column":45}},"loc":{"start":{"line":74,"column":55},"end":{"line":78,"column":7}},"line":74},"5":{"name":"(anonymous_5)","decl":{"start":{"line":88,"column":29},"end":{"line":88,"column":30}},"loc":{"start":{"line":88,"column":51},"end":{"line":107,"column":7}},"line":88},"6":{"name":"(anonymous_6)","decl":{"start":{"line":94,"column":43},"end":{"line":94,"column":44}},"loc":{"start":{"line":94,"column":60},"end":{"line":94,"column":88}},"line":94},"7":{"name":"(anonymous_7)","decl":{"start":{"line":150,"column":17},"end":{"line":150,"column":18}},"loc":{"start":{"line":155,"column":29},"end":{"line":166,"column":1}},"line":155}},"branchMap":{"0":{"loc":{"start":{"line":62,"column":34},"end":{"line":62,"column":89}},"type":"cond-expr","locations":[{"start":{"line":62,"column":67},"end":{"line":62,"column":69}},{"start":{"line":62,"column":72},"end":{"line":62,"column":89}}],"line":62},"1":{"loc":{"start":{"line":66,"column":23},"end":{"line":66,"column":53}},"type":"cond-expr","locations":[{"start":{"line":66,"column":34},"end":{"line":66,"column":48}},{"start":{"line":66,"column":51},"end":{"line":66,"column":53}}],"line":66},"2":{"loc":{"start":{"line":69,"column":4},"end":{"line":124,"column":5}},"type":"if","locations":[{"start":{"line":69,"column":4},"end":{"line":124,"column":5}},{"start":{"line":69,"column":4},"end":{"line":124,"column":5}}],"line":69},"3":{"loc":{"start":{"line":69,"column":8},"end":{"line":69,"column":56}},"type":"binary-expr","locations":[{"start":{"line":69,"column":8},"end":{"line":69,"column":25}},{"start":{"line":69,"column":29},"end":{"line":69,"column":56}}],"line":69},"4":{"loc":{"start":{"line":75,"column":8},"end":{"line":77,"column":9}},"type":"if","locations":[{"start":{"line":75,"column":8},"end":{"line":77,"column":9}},{"start":{"line":75,"column":8},"end":{"line":77,"column":9}}],"line":75},"5":{"loc":{"start":{"line":79,"column":11},"end":{"line":124,"column":5}},"type":"if","locations":[{"start":{"line":79,"column":11},"end":{"line":124,"column":5}},{"start":{"line":79,"column":11},"end":{"line":124,"column":5}}],"line":79},"6":{"loc":{"start":{"line":84,"column":69},"end":{"line":86,"column":56}},"type":"cond-expr","locations":[{"start":{"line":85,"column":10},"end":{"line":85,"column":58}},{"start":{"line":86,"column":11},"end":{"line":86,"column":55}}],"line":84},"7":{"loc":{"start":{"line":91,"column":8},"end":{"line":100,"column":9}},"type":"if","locations":[{"start":{"line":91,"column":8},"end":{"line":100,"column":9}},{"start":{"line":91,"column":8},"end":{"line":100,"column":9}}],"line":91},"8":{"loc":{"start":{"line":91,"column":12},"end":{"line":91,"column":50}},"type":"binary-expr","locations":[{"start":{"line":91,"column":12},"end":{"line":91,"column":24}},{"start":{"line":91,"column":28},"end":{"line":91,"column":50}}],"line":91},"9":{"loc":{"start":{"line":103,"column":32},"end":{"line":103,"column":93}},"type":"cond-expr","locations":[{"start":{"line":103,"column":47},"end":{"line":103,"column":74}},{"start":{"line":103,"column":77},"end":{"line":103,"column":93}}],"line":103},"10":{"loc":{"start":{"line":109,"column":6},"end":{"line":121,"column":7}},"type":"if","locations":[{"start":{"line":109,"column":6},"end":{"line":121,"column":7}},{"start":{"line":109,"column":6},"end":{"line":121,"column":7}}],"line":109},"11":{"loc":{"start":{"line":110,"column":38},"end":{"line":110,"column":90}},"type":"binary-expr","locations":[{"start":{"line":110,"column":38},"end":{"line":110,"column":59}},{"start":{"line":110,"column":63},"end":{"line":110,"column":90}}],"line":110},"12":{"loc":{"start":{"line":111,"column":8},"end":{"line":113,"column":9}},"type":"if","locations":[{"start":{"line":111,"column":8},"end":{"line":113,"column":9}},{"start":{"line":111,"column":8},"end":{"line":113,"column":9}}],"line":111},"13":{"loc":{"start":{"line":111,"column":12},"end":{"line":111,"column":127}},"type":"cond-expr","locations":[{"start":{"line":111,"column":36},"end":{"line":111,"column":91}},{"start":{"line":111,"column":94},"end":{"line":111,"column":127}}],"line":111},"14":{"loc":{"start":{"line":114,"column":13},"end":{"line":121,"column":7}},"type":"if","locations":[{"start":{"line":114,"column":13},"end":{"line":121,"column":7}},{"start":{"line":114,"column":13},"end":{"line":121,"column":7}}],"line":114},"15":{"loc":{"start":{"line":119,"column":13},"end":{"line":119,"column":108}},"type":"cond-expr","locations":[{"start":{"line":119,"column":43},"end":{"line":119,"column":103}},{"start":{"line":119,"column":106},"end":{"line":119,"column":108}}],"line":119},"16":{"loc":{"start":{"line":165,"column":46},"end":{"line":165,"column":63}},"type":"binary-expr","locations":[{"start":{"line":165,"column":46},"end":{"line":165,"column":57}},{"start":{"line":165,"column":61},"end":{"line":165,"column":63}}],"line":165},"17":{"loc":{"start":{"line":165,"column":65},"end":{"line":165,"column":87}},"type":"binary-expr","locations":[{"start":{"line":165,"column":65},"end":{"line":165,"column":78}},{"start":{"line":165,"column":82},"end":{"line":165,"column":87}}],"line":165}},"s":{"0":3,"1":3,"2":3,"3":21,"4":21,"5":3,"6":65,"7":65,"8":65,"9":372,"10":65,"11":372,"12":372,"13":372,"14":372,"15":372,"16":372,"17":33,"18":33,"19":33,"20":33,"21":66,"22":33,"23":339,"24":336,"25":336,"26":336,"27":336,"28":336,"29":336,"30":417,"31":417,"32":64,"33":64,"34":121,"35":64,"36":353,"37":417,"38":417,"39":336,"40":310,"41":310,"42":256,"43":26,"44":2,"45":336,"46":65,"47":3,"48":32},"f":{"0":21,"1":65,"2":372,"3":372,"4":66,"5":417,"6":121,"7":32},"b":{"0":[295,77],"1":[110,262],"2":[33,339],"3":[372,36],"4":[33,33],"5":[336,3],"6":[227,109],"7":[64,353],"8":[417,64],"9":[64,353],"10":[310,26],"11":[310,277],"12":[256,54],"13":[62,248],"14":[2,24],"15":[1,1],"16":[32,20],"17":[32,28]},"_coverageSchema":"1a1c01bbd47fc00a2c39e90264f33305004495a9","hash":"10625f1aff7a2938b0f6e9b3d6c1ad4611cb8f28"}
,"D:\\Github\\OverlayScrollbars\\packages\\overlayscrollbars\\src\\core\\utils\\arrays.ts": {"path":"D:\\Github\\OverlayScrollbars\\packages\\overlayscrollbars\\src\\core\\utils\\arrays.ts","statementMap":{"0":{"start":{"line":33,"column":2},"end":{"line":41,"column":3}},"1":{"start":{"line":34,"column":4},"end":{"line":38,"column":5}},"2":{"start":{"line":34,"column":17},"end":{"line":34,"column":18}},"3":{"start":{"line":35,"column":6},"end":{"line":37,"column":7}},"4":{"start":{"line":36,"column":8},"end":{"line":36,"column":14}},"5":{"start":{"line":39,"column":9},"end":{"line":41,"column":3}},"6":{"start":{"line":40,"column":4},"end":{"line":40,"column":75}},"7":{"start":{"line":40,"column":39},"end":{"line":40,"column":73}},"8":{"start":{"line":42,"column":2},"end":{"line":42,"column":16}},"9":{"start":{"line":51,"column":88},"end":{"line":51,"column":142}},"10":{"start":{"line":51,"column":114},"end":{"line":51,"column":142}}},"fnMap":{"0":{"name":"each","decl":{"start":{"line":29,"column":16},"end":{"line":29,"column":20}},"loc":{"start":{"line":32,"column":67},"end":{"line":43,"column":1}},"line":32},"1":{"name":"(anonymous_1)","decl":{"start":{"line":40,"column":30},"end":{"line":40,"column":31}},"loc":{"start":{"line":40,"column":39},"end":{"line":40,"column":73}},"line":40},"2":{"name":"(anonymous_2)","decl":{"start":{"line":51,"column":88},"end":{"line":51,"column":89}},"loc":{"start":{"line":51,"column":114},"end":{"line":51,"column":142}},"line":51}},"branchMap":{"0":{"loc":{"start":{"line":33,"column":2},"end":{"line":41,"column":3}},"type":"if","locations":[{"start":{"line":33,"column":2},"end":{"line":41,"column":3}},{"start":{"line":33,"column":2},"end":{"line":41,"column":3}}],"line":33},"1":{"loc":{"start":{"line":35,"column":6},"end":{"line":37,"column":7}},"type":"if","locations":[{"start":{"line":35,"column":6},"end":{"line":37,"column":7}},{"start":{"line":35,"column":6},"end":{"line":37,"column":7}}],"line":35},"2":{"loc":{"start":{"line":39,"column":9},"end":{"line":41,"column":3}},"type":"if","locations":[{"start":{"line":39,"column":9},"end":{"line":41,"column":3}},{"start":{"line":39,"column":9},"end":{"line":41,"column":3}}],"line":39}},"s":{"0":699,"1":693,"2":693,"3":2224,"4":321,"5":6,"6":5,"7":13,"8":699,"9":9,"10":418},"f":{"0":699,"1":13,"2":418},"b":{"0":[693,6],"1":[321,1903],"2":[5,1]},"_coverageSchema":"1a1c01bbd47fc00a2c39e90264f33305004495a9","hash":"552bd813cbbe3e4238c36aabfee763bb6eb08fbd"}
,"D:\\Github\\OverlayScrollbars\\packages\\overlayscrollbars\\src\\core\\utils\\extend.ts": {"path":"D:\\Github\\OverlayScrollbars\\packages\\overlayscrollbars\\src\\core\\utils\\extend.ts","statementMap":{"0":{"start":{"line":20,"column":30},"end":{"line":20,"column":84}},"1":{"start":{"line":23,"column":2},"end":{"line":25,"column":3}},"2":{"start":{"line":24,"column":4},"end":{"line":24,"column":21}},"3":{"start":{"line":27,"column":2},"end":{"line":63,"column":5}},"4":{"start":{"line":29,"column":4},"end":{"line":62,"column":5}},"5":{"start":{"line":31,"column":6},"end":{"line":61,"column":7}},"6":{"start":{"line":32,"column":26},"end":{"line":32,"column":38}},"7":{"start":{"line":36,"column":8},"end":{"line":38,"column":9}},"8":{"start":{"line":37,"column":10},"end":{"line":37,"column":19}},"9":{"start":{"line":40,"column":28},"end":{"line":40,"column":41}},"10":{"start":{"line":43,"column":8},"end":{"line":60,"column":9}},"11":{"start":{"line":44,"column":22},"end":{"line":44,"column":34}},"12":{"start":{"line":45,"column":27},"end":{"line":45,"column":30}},"13":{"start":{"line":48,"column":10},"end":{"line":52,"column":11}},"14":{"start":{"line":49,"column":12},"end":{"line":49,"column":23}},"15":{"start":{"line":50,"column":17},"end":{"line":52,"column":11}},"16":{"start":{"line":51,"column":12},"end":{"line":51,"column":23}},"17":{"start":{"line":55,"column":10},"end":{"line":55,"column":52}},"18":{"start":{"line":58,"column":15},"end":{"line":60,"column":9}},"19":{"start":{"line":59,"column":10},"end":{"line":59,"column":30}},"20":{"start":{"line":66,"column":2},"end":{"line":66,"column":23}}},"fnMap":{"0":{"name":"extend","decl":{"start":{"line":10,"column":16},"end":{"line":10,"column":22}},"loc":{"start":{"line":18,"column":29},"end":{"line":68,"column":1}},"line":18},"1":{"name":"(anonymous_1)","decl":{"start":{"line":27,"column":16},"end":{"line":27,"column":17}},"loc":{"start":{"line":27,"column":28},"end":{"line":63,"column":3}},"line":27}},"branchMap":{"0":{"loc":{"start":{"line":23,"column":2},"end":{"line":25,"column":3}},"type":"if","locations":[{"start":{"line":23,"column":2},"end":{"line":25,"column":3}},{"start":{"line":23,"column":2},"end":{"line":25,"column":3}}],"line":23},"1":{"loc":{"start":{"line":23,"column":6},"end":{"line":23,"column":75}},"type":"binary-expr","locations":[{"start":{"line":23,"column":7},"end":{"line":23,"column":33}},{"start":{"line":23,"column":37},"end":{"line":23,"column":51}},{"start":{"line":23,"column":56},"end":{"line":23,"column":75}}],"line":23},"2":{"loc":{"start":{"line":29,"column":4},"end":{"line":62,"column":5}},"type":"if","locations":[{"start":{"line":29,"column":4},"end":{"line":62,"column":5}},{"start":{"line":29,"column":4},"end":{"line":62,"column":5}}],"line":29},"3":{"loc":{"start":{"line":36,"column":8},"end":{"line":38,"column":9}},"type":"if","locations":[{"start":{"line":36,"column":8},"end":{"line":38,"column":9}},{"start":{"line":36,"column":8},"end":{"line":38,"column":9}}],"line":36},"4":{"loc":{"start":{"line":36,"column":12},"end":{"line":36,"column":51}},"type":"binary-expr","locations":[{"start":{"line":36,"column":12},"end":{"line":36,"column":32}},{"start":{"line":36,"column":36},"end":{"line":36,"column":51}}],"line":36},"5":{"loc":{"start":{"line":43,"column":8},"end":{"line":60,"column":9}},"type":"if","locations":[{"start":{"line":43,"column":8},"end":{"line":60,"column":9}},{"start":{"line":43,"column":8},"end":{"line":60,"column":9}}],"line":43},"6":{"loc":{"start":{"line":43,"column":12},"end":{"line":43,"column":56}},"type":"binary-expr","locations":[{"start":{"line":43,"column":12},"end":{"line":43,"column":16}},{"start":{"line":43,"column":21},"end":{"line":43,"column":40}},{"start":{"line":43,"column":44},"end":{"line":43,"column":55}}],"line":43},"7":{"loc":{"start":{"line":48,"column":10},"end":{"line":52,"column":11}},"type":"if","locations":[{"start":{"line":48,"column":10},"end":{"line":52,"column":11}},{"start":{"line":48,"column":10},"end":{"line":52,"column":11}}],"line":48},"8":{"loc":{"start":{"line":48,"column":14},"end":{"line":48,"column":42}},"type":"binary-expr","locations":[{"start":{"line":48,"column":14},"end":{"line":48,"column":25}},{"start":{"line":48,"column":29},"end":{"line":48,"column":42}}],"line":48},"9":{"loc":{"start":{"line":50,"column":17},"end":{"line":52,"column":11}},"type":"if","locations":[{"start":{"line":50,"column":17},"end":{"line":52,"column":11}},{"start":{"line":50,"column":17},"end":{"line":52,"column":11}}],"line":50},"10":{"loc":{"start":{"line":50,"column":21},"end":{"line":50,"column":56}},"type":"binary-expr","locations":[{"start":{"line":50,"column":21},"end":{"line":50,"column":33}},{"start":{"line":50,"column":37},"end":{"line":50,"column":56}}],"line":50},"11":{"loc":{"start":{"line":58,"column":15},"end":{"line":60,"column":9}},"type":"if","locations":[{"start":{"line":58,"column":15},"end":{"line":60,"column":9}},{"start":{"line":58,"column":15},"end":{"line":60,"column":9}}],"line":58}},"s":{"0":180,"1":180,"2":3,"3":180,"4":1080,"5":217,"6":632,"7":632,"8":1,"9":631,"10":631,"11":126,"12":126,"13":126,"14":33,"15":93,"16":76,"17":126,"18":505,"19":504,"20":180},"f":{"0":180,"1":1080},"b":{"0":[3,177],"1":[180,177,4],"2":[217,863],"3":[1,631],"4":[632,632],"5":[126,505],"6":[631,531,439],"7":[33,93],"8":[126,34],"9":[76,17],"10":[93,92],"11":[504,1]},"_coverageSchema":"1a1c01bbd47fc00a2c39e90264f33305004495a9","hash":"49cce00e126788acd6eada967c17798184df42e4"}
,"D:\\Github\\OverlayScrollbars\\packages\\overlayscrollbars\\src\\core\\utils\\index.ts": {"path":"D:\\Github\\OverlayScrollbars\\packages\\overlayscrollbars\\src\\core\\utils\\index.ts","statementMap":{},"fnMap":{},"branchMap":{},"s":{},"f":{},"b":{},"_coverageSchema":"1a1c01bbd47fc00a2c39e90264f33305004495a9","hash":"139bc9fe01e072d1276787c72d1565679f7be6d7"}
,"D:\\Github\\OverlayScrollbars\\packages\\overlayscrollbars\\src\\core\\utils\\types.ts": {"path":"D:\\Github\\OverlayScrollbars\\packages\\overlayscrollbars\\src\\core\\utils\\types.ts","statementMap":{"0":{"start":{"line":3,"column":42},"end":{"line":10,"column":1}},"1":{"start":{"line":4,"column":2},"end":{"line":4,"column":41}},"2":{"start":{"line":4,"column":25},"end":{"line":4,"column":41}},"3":{"start":{"line":5,"column":2},"end":{"line":5,"column":36}},"4":{"start":{"line":5,"column":20},"end":{"line":5,"column":36}},"5":{"start":{"line":6,"column":2},"end":{"line":9,"column":19}},"6":{"start":{"line":13,"column":2},"end":{"line":13,"column":33}},"7":{"start":{"line":17,"column":2},"end":{"line":17,"column":33}},"8":{"start":{"line":21,"column":2},"end":{"line":21,"column":34}},"9":{"start":{"line":25,"column":2},"end":{"line":25,"column":35}},"10":{"start":{"line":29,"column":2},"end":{"line":29,"column":27}},"11":{"start":{"line":33,"column":2},"end":{"line":33,"column":22}},"12":{"start":{"line":37,"column":2},"end":{"line":37,"column":28}},"13":{"start":{"line":41,"column":2},"end":{"line":41,"column":66}},"14":{"start":{"line":49,"column":17},"end":{"line":49,"column":36}},"15":{"start":{"line":50,"column":2},"end":{"line":50,"column":98}},"16":{"start":{"line":58,"column":2},"end":{"line":58,"column":69}},"17":{"start":{"line":58,"column":56},"end":{"line":58,"column":69}},"18":{"start":{"line":61,"column":16},"end":{"line":61,"column":27}},"19":{"start":{"line":62,"column":29},"end":{"line":62,"column":42}},"20":{"start":{"line":63,"column":28},"end":{"line":63,"column":67}},"21":{"start":{"line":64,"column":27},"end":{"line":64,"column":132}},"22":{"start":{"line":66,"column":2},"end":{"line":68,"column":3}},"23":{"start":{"line":67,"column":4},"end":{"line":67,"column":17}},"24":{"start":{"line":71,"column":2},"end":{"line":73,"column":3}},"25":{"start":{"line":76,"column":2},"end":{"line":76,"column":59}},"26":{"start":{"line":84,"column":33},"end":{"line":84,"column":51}},"27":{"start":{"line":85,"column":23},"end":{"line":85,"column":93}},"28":{"start":{"line":86,"column":2},"end":{"line":86,"column":137}},"29":{"start":{"line":95,"column":2},"end":{"line":95,"column":39}},"30":{"start":{"line":95,"column":26},"end":{"line":95,"column":39}},"31":{"start":{"line":96,"column":2},"end":{"line":96,"column":14}}},"fnMap":{"0":{"name":"(anonymous_0)","decl":{"start":{"line":3,"column":42},"end":{"line":3,"column":43}},"loc":{"start":{"line":3,"column":51},"end":{"line":10,"column":1}},"line":3},"1":{"name":"isNumber","decl":{"start":{"line":12,"column":16},"end":{"line":12,"column":24}},"loc":{"start":{"line":12,"column":50},"end":{"line":14,"column":1}},"line":12},"2":{"name":"isString","decl":{"start":{"line":16,"column":16},"end":{"line":16,"column":24}},"loc":{"start":{"line":16,"column":50},"end":{"line":18,"column":1}},"line":16},"3":{"name":"isBoolean","decl":{"start":{"line":20,"column":16},"end":{"line":20,"column":25}},"loc":{"start":{"line":20,"column":52},"end":{"line":22,"column":1}},"line":20},"4":{"name":"isFunction","decl":{"start":{"line":24,"column":16},"end":{"line":24,"column":26}},"loc":{"start":{"line":24,"column":82},"end":{"line":26,"column":1}},"line":24},"5":{"name":"isUndefined","decl":{"start":{"line":28,"column":16},"end":{"line":28,"column":27}},"loc":{"start":{"line":28,"column":56},"end":{"line":30,"column":1}},"line":28},"6":{"name":"isNull","decl":{"start":{"line":32,"column":16},"end":{"line":32,"column":22}},"loc":{"start":{"line":32,"column":46},"end":{"line":34,"column":1}},"line":32},"7":{"name":"isArray","decl":{"start":{"line":36,"column":16},"end":{"line":36,"column":23}},"loc":{"start":{"line":36,"column":53},"end":{"line":38,"column":1}},"line":36},"8":{"name":"isObject","decl":{"start":{"line":40,"column":16},"end":{"line":40,"column":24}},"loc":{"start":{"line":40,"column":44},"end":{"line":42,"column":1}},"line":40},"9":{"name":"isArrayLike","decl":{"start":{"line":48,"column":16},"end":{"line":48,"column":27}},"loc":{"start":{"line":48,"column":88},"end":{"line":51,"column":1}},"line":48},"10":{"name":"isPlainObject","decl":{"start":{"line":57,"column":16},"end":{"line":57,"column":29}},"loc":{"start":{"line":57,"column":72},"end":{"line":77,"column":1}},"line":57},"11":{"name":"isHTMLElement","decl":{"start":{"line":83,"column":16},"end":{"line":83,"column":29}},"loc":{"start":{"line":83,"column":60},"end":{"line":87,"column":1}},"line":83},"12":{"name":"isEmptyObject","decl":{"start":{"line":93,"column":16},"end":{"line":93,"column":29}},"loc":{"start":{"line":93,"column":49},"end":{"line":98,"column":1}},"line":93}},"branchMap":{"0":{"loc":{"start":{"line":4,"column":2},"end":{"line":4,"column":41}},"type":"if","locations":[{"start":{"line":4,"column":2},"end":{"line":4,"column":41}},{"start":{"line":4,"column":2},"end":{"line":4,"column":41}}],"line":4},"1":{"loc":{"start":{"line":5,"column":2},"end":{"line":5,"column":36}},"type":"if","locations":[{"start":{"line":5,"column":2},"end":{"line":5,"column":36}},{"start":{"line":5,"column":2},"end":{"line":5,"column":36}}],"line":5},"2":{"loc":{"start":{"line":41,"column":9},"end":{"line":41,"column":65}},"type":"binary-expr","locations":[{"start":{"line":41,"column":9},"end":{"line":41,"column":32}},{"start":{"line":41,"column":36},"end":{"line":41,"column":49}},{"start":{"line":41,"column":53},"end":{"line":41,"column":65}}],"line":41},"3":{"loc":{"start":{"line":49,"column":17},"end":{"line":49,"column":36}},"type":"binary-expr","locations":[{"start":{"line":49,"column":17},"end":{"line":49,"column":22}},{"start":{"line":49,"column":26},"end":{"line":49,"column":36}}],"line":49},"4":{"loc":{"start":{"line":50,"column":9},"end":{"line":50,"column":97}},"type":"binary-expr","locations":[{"start":{"line":50,"column":9},"end":{"line":50,"column":21}},{"start":{"line":50,"column":26},"end":{"line":50,"column":42}},{"start":{"line":50,"column":46},"end":{"line":50,"column":62}},{"start":{"line":50,"column":66},"end":{"line":50,"column":77}},{"start":{"line":50,"column":81},"end":{"line":50,"column":96}}],"line":50},"5":{"loc":{"start":{"line":58,"column":2},"end":{"line":58,"column":69}},"type":"if","locations":[{"start":{"line":58,"column":2},"end":{"line":58,"column":69}},{"start":{"line":58,"column":2},"end":{"line":58,"column":69}}],"line":58},"6":{"loc":{"start":{"line":58,"column":6},"end":{"line":58,"column":54}},"type":"binary-expr","locations":[{"start":{"line":58,"column":6},"end":{"line":58,"column":10}},{"start":{"line":58,"column":14},"end":{"line":58,"column":28}},{"start":{"line":58,"column":32},"end":{"line":58,"column":54}}],"line":58},"7":{"loc":{"start":{"line":64,"column":27},"end":{"line":64,"column":132}},"type":"binary-expr","locations":[{"start":{"line":64,"column":27},"end":{"line":64,"column":42}},{"start":{"line":64,"column":46},"end":{"line":64,"column":68}},{"start":{"line":64,"column":72},"end":{"line":64,"column":132}}],"line":64},"8":{"loc":{"start":{"line":66,"column":2},"end":{"line":68,"column":3}},"type":"if","locations":[{"start":{"line":66,"column":2},"end":{"line":68,"column":3}},{"start":{"line":66,"column":2},"end":{"line":68,"column":3}}],"line":66},"9":{"loc":{"start":{"line":66,"column":6},"end":{"line":66,"column":64}},"type":"binary-expr","locations":[{"start":{"line":66,"column":6},"end":{"line":66,"column":21}},{"start":{"line":66,"column":25},"end":{"line":66,"column":43}},{"start":{"line":66,"column":47},"end":{"line":66,"column":64}}],"line":66},"10":{"loc":{"start":{"line":76,"column":9},"end":{"line":76,"column":58}},"type":"binary-expr","locations":[{"start":{"line":76,"column":9},"end":{"line":76,"column":25}},{"start":{"line":76,"column":29},"end":{"line":76,"column":58}}],"line":76},"11":{"loc":{"start":{"line":85,"column":23},"end":{"line":85,"column":93}},"type":"binary-expr","locations":[{"start":{"line":85,"column":23},"end":{"line":85,"column":55}},{"start":{"line":85,"column":59},"end":{"line":85,"column":93}}],"line":85},"12":{"loc":{"start":{"line":86,"column":12},"end":{"line":86,"column":135}},"type":"cond-expr","locations":[{"start":{"line":86,"column":27},"end":{"line":86,"column":64}},{"start":{"line":86,"column":67},"end":{"line":86,"column":135}}],"line":86},"13":{"loc":{"start":{"line":86,"column":67},"end":{"line":86,"column":135}},"type":"binary-expr","locations":[{"start":{"line":86,"column":67},"end":{"line":86,"column":70}},{"start":{"line":86,"column":74},"end":{"line":86,"column":87}},{"start":{"line":86,"column":91},"end":{"line":86,"column":109}},{"start":{"line":86,"column":113},"end":{"line":86,"column":135}}],"line":86}},"s":{"0":11,"1":576,"2":1,"3":575,"4":48,"5":527,"6":97,"7":114,"8":28,"9":464,"10":611,"11":500,"12":2671,"13":1605,"14":766,"15":766,"16":1337,"17":1123,"18":214,"19":214,"20":214,"21":214,"22":214,"23":3,"24":211,"25":211,"26":358,"27":358,"28":358,"29":105,"30":42,"31":63},"f":{"0":576,"1":97,"2":114,"3":28,"4":464,"5":611,"6":500,"7":2671,"8":1605,"9":766,"10":1337,"11":358,"12":105},"b":{"0":[1,575],"1":[48,527],"2":[1605,448,295],"3":[766,759],"4":[766,74,69,19,19],"5":[1123,214],"6":[1337,1181,224],"7":[214,213,213],"8":[3,211],"9":[214,213,213],"10":[211,205],"11":[358,358],"12":[327,31],"13":[31,26,15,4]},"_coverageSchema":"1a1c01bbd47fc00a2c39e90264f33305004495a9","hash":"9924e25b97f94923c8af1a7d039b72be6c74e107"}
}
