TN:
SF:packages\overlayscrollbars\src\instances.ts
FN:9,(anonymous_0)
FN:18,(anonymous_1)
FN:27,(anonymous_2)
FN:35,(anonymous_3)
FN:38,(anonymous_4)
FN:47,(anonymous_5)
FNF:6
FNH:6
FNDA:3,(anonymous_0)
FNDA:4,(anonymous_1)
FNDA:1,(anonymous_2)
FNDA:2,(anonymous_3)
FNDA:1,(anonymous_4)
FNDA:1,(anonymous_5)
DA:1,1
DA:2,1
DA:9,1
DA:10,3
DA:11,3
DA:18,1
DA:19,4
DA:20,4
DA:27,1
DA:28,1
DA:35,1
DA:36,2
DA:38,2
DA:40,1
DA:41,1
DA:45,2
DA:47,2
DA:48,1
DA:51,2
LF:19
LH:19
BRDA:40,0,0,1
BRF:1
BRH:1
end_of_record
TN:
SF:packages\overlayscrollbars\src\options.ts
FNF:0
FNH:0
DA:5,1
DA:6,1
DA:7,1
DA:8,1
DA:9,1
DA:10,1
DA:11,1
DA:12,1
DA:13,1
DA:14,1
DA:15,1
DA:32,1
DA:80,1
DA:81,1
LF:14
LH:14
BRF:0
BRH:0
end_of_record
TN:
SF:packages\overlayscrollbars\src\core\compatibility\vendors.ts
FN:4,(anonymous_0)
FN:7,(anonymous_1)
FN:23,(anonymous_2)
FN:32,(anonymous_3)
FN:40,(anonymous_4)
FN:54,(anonymous_5)
FN:66,(anonymous_6)
FN:67,(anonymous_7)
FN:86,(anonymous_8)
FN:92,(anonymous_9)
FNF:10
FNH:10
FNDA:20,(anonymous_0)
FNDA:10,(anonymous_1)
FNDA:4,(anonymous_2)
FNDA:9,(anonymous_3)
FNDA:33,(anonymous_4)
FNDA:11,(anonymous_5)
FNDA:10,(anonymous_6)
FNDA:42,(anonymous_7)
FNDA:5,(anonymous_8)
FNDA:11,(anonymous_9)
DA:4,1
DA:5,20
DA:7,1
DA:8,10
DA:13,1
DA:14,1
DA:16,1
DA:17,1
DA:23,1
DA:24,4
DA:26,4
DA:27,1
DA:29,3
DA:30,3
DA:32,3
DA:33,9
DA:34,9
DA:40,33
DA:41,9
DA:44,3
DA:45,3
DA:54,1
DA:55,11
DA:56,11
DA:58,11
DA:59,4
DA:61,7
DA:62,7
DA:63,7
DA:64,7
DA:66,7
DA:67,10
DA:68,42
DA:69,42
DA:70,42
DA:71,2
DA:72,2
DA:75,10
DA:78,7
DA:79,7
DA:86,1
DA:87,5
DA:89,5
DA:90,1
DA:92,4
DA:93,11
DA:94,11
DA:97,4
DA:98,4
LF:49
LH:49
BRDA:26,0,0,1
BRDA:26,0,1,3
BRDA:58,1,0,4
BRDA:58,1,1,7
BRDA:63,2,0,7
BRDA:63,2,1,5
BRDA:70,3,0,2
BRDA:70,3,1,40
BRDA:87,4,0,5
BRDA:87,4,1,4
BRDA:89,5,0,1
BRDA:89,5,1,4
BRDA:93,6,0,11
BRDA:93,6,1,8
BRF:14
BRH:14
end_of_record
TN:
SF:packages\overlayscrollbars\src\core\dom\attributes.ts
FN:8,(anonymous_0)
FN:19,(anonymous_1)
FN:28,(anonymous_2)
FN:39,(anonymous_3)
FN:50,(anonymous_4)
FNF:5
FNH:5
FNDA:7,(anonymous_0)
FNDA:1,(anonymous_1)
FNDA:3,(anonymous_2)
FNDA:3,(anonymous_3)
FNDA:5,(anonymous_4)
DA:8,4
DA:9,7
DA:10,5
DA:11,2
DA:19,4
DA:20,1
DA:28,4
DA:29,3
DA:30,2
DA:31,1
DA:39,4
DA:40,3
DA:41,2
DA:42,1
DA:50,4
DA:51,5
DA:52,3
DA:53,2
LF:18
LH:18
BRDA:9,0,0,5
BRDA:9,0,1,2
BRDA:29,1,0,2
BRDA:29,1,1,1
BRDA:40,2,0,2
BRDA:40,2,1,1
BRDA:51,3,0,3
BRDA:51,3,1,2
BRF:8
BRH:8
end_of_record
TN:
SF:packages\overlayscrollbars\src\core\dom\classes.ts
FN:10,(anonymous_0)
FN:19,(anonymous_1)
FN:35,(anonymous_2)
FN:52,(anonymous_3)
FNF:4
FNH:4
FNDA:7,(anonymous_0)
FNDA:11,(anonymous_1)
FNDA:7,(anonymous_2)
FNDA:4,(anonymous_3)
DA:3,4
DA:10,4
DA:11,7
DA:19,4
DA:21,11
DA:23,11
DA:24,9
DA:25,9
DA:26,11
DA:35,4
DA:37,7
DA:39,7
DA:40,5
DA:41,5
DA:42,6
DA:52,4
DA:53,4
DA:54,2
DA:57,2
LF:19
LH:19
BRDA:23,0,0,9
BRDA:23,0,1,2
BRDA:24,1,0,9
BRDA:24,1,1,1
BRDA:39,2,0,5
BRDA:39,2,1,2
BRDA:40,3,0,5
BRDA:40,3,1,1
BRDA:53,4,0,2
BRDA:53,4,1,2
BRF:10
BRH:10
end_of_record
TN:
SF:packages\overlayscrollbars\src\core\dom\create.ts
FN:5,(anonymous_0)
FN:9,(anonymous_1)
FN:13,(anonymous_2)
FNF:3
FNH:3
FNDA:204,(anonymous_0)
FNDA:3,(anonymous_1)
FNDA:9,(anonymous_2)
DA:5,4
DA:6,204
DA:9,4
DA:10,3
DA:11,3
DA:13,9
LF:6
LH:6
BRF:0
BRH:0
end_of_record
TN:
SF:packages\overlayscrollbars\src\core\dom\index.ts
FNF:0
FNH:0
LF:0
LH:0
BRF:0
BRH:0
end_of_record
TN:
SF:packages\overlayscrollbars\src\core\dom\manipulation.ts
FN:13,(anonymous_0)
FN:24,(anonymous_1)
FN:55,(anonymous_2)
FN:62,(anonymous_3)
FN:69,(anonymous_4)
FN:76,(anonymous_5)
FN:82,(anonymous_6)
FN:84,(anonymous_7)
FNF:8
FNH:8
FNDA:24,(anonymous_0)
FNDA:24,(anonymous_1)
FNDA:6,(anonymous_2)
FNDA:6,(anonymous_3)
FNDA:6,(anonymous_4)
FNDA:6,(anonymous_5)
FNDA:23,(anonymous_6)
FNDA:9,(anonymous_7)
DA:13,4
DA:14,24
DA:15,20
DA:19,20
DA:20,16
DA:21,8
DA:24,8
DA:25,24
DA:26,3
DA:28,24
DA:32,8
DA:36,16
DA:37,12
DA:38,1
DA:40,11
DA:41,2
DA:45,16
DA:55,6
DA:62,6
DA:69,6
DA:76,6
DA:82,4
DA:83,23
DA:84,9
DA:86,21
DA:87,20
DA:88,20
DA:89,15
LF:28
LH:28
BRDA:14,0,0,20
BRDA:14,0,1,4
BRDA:19,1,0,16
BRDA:19,1,1,4
BRDA:20,2,0,8
BRDA:20,2,1,8
BRDA:25,3,0,3
BRDA:25,3,1,21
BRDA:36,4,0,12
BRDA:36,4,1,4
BRDA:37,5,0,1
BRDA:37,5,1,11
BRDA:40,6,0,2
BRDA:40,6,1,9
BRDA:62,7,0,6
BRDA:62,7,1,5
BRDA:76,8,0,6
BRDA:76,8,1,5
BRDA:83,9,0,2
BRDA:83,9,1,21
BRDA:86,10,0,20
BRDA:86,10,1,1
BRDA:88,11,0,15
BRDA:88,11,1,5
BRF:24
BRH:24
end_of_record
TN:
SF:packages\overlayscrollbars\src\core\dom\offset.ts
FN:1,(anonymous_0)
FN:9,(anonymous_1)
FNF:2
FNH:0
FNDA:0,(anonymous_0)
FNDA:0,(anonymous_1)
DA:1,3
DA:2,0
DA:3,0
DA:9,3
DA:10,0
LF:5
LH:2
BRF:0
BRH:0
end_of_record
TN:
SF:packages\overlayscrollbars\src\core\dom\style.ts
FN:21,(anonymous_0)
FN:29,(anonymous_1)
FN:35,style
FN:55,(anonymous_3)
FN:59,(anonymous_4)
FNF:5
FNH:0
FNDA:0,(anonymous_0)
FNDA:0,(anonymous_1)
FNDA:0,style
FNDA:0,(anonymous_3)
FNDA:0,(anonymous_4)
DA:5,3
DA:21,3
DA:22,0
DA:23,0
DA:24,0
DA:29,3
DA:30,0
DA:36,0
DA:38,0
DA:39,0
DA:40,0
DA:43,0
DA:46,0
DA:50,0
DA:51,0
DA:55,3
DA:56,0
DA:59,3
DA:60,0
LF:19
LH:5
BRDA:23,0,0,0
BRDA:23,0,1,0
BRDA:30,1,0,0
BRDA:30,1,1,0
BRDA:30,2,0,0
BRDA:30,2,1,0
BRDA:38,3,0,0
BRDA:38,3,1,0
BRDA:39,4,0,0
BRDA:39,4,1,0
BRDA:43,5,0,0
BRDA:43,5,1,0
BRF:12
BRH:0
end_of_record
TN:
SF:packages\overlayscrollbars\src\core\dom\traversal.ts
FN:3,(anonymous_0)
FN:7,(anonymous_1)
FN:10,(anonymous_2)
FN:17,(anonymous_3)
FN:21,(anonymous_4)
FN:33,(anonymous_5)
FN:36,(anonymous_6)
FN:48,(anonymous_7)
FN:52,(anonymous_8)
FNF:9
FNH:9
FNDA:4,(anonymous_0)
FNDA:6,(anonymous_1)
FNDA:18,(anonymous_2)
FNDA:19,(anonymous_3)
FNDA:31,(anonymous_4)
FNDA:3,(anonymous_5)
FNDA:6,(anonymous_6)
FNDA:38,(anonymous_7)
FNDA:14,(anonymous_8)
DA:3,4
DA:4,4
DA:7,4
DA:8,6
DA:10,6
DA:11,18
DA:14,6
DA:17,4
DA:18,19
DA:21,4
DA:22,31
DA:23,22
DA:24,2
DA:25,20
DA:26,2
DA:27,18
DA:28,6
DA:30,21
DA:33,4
DA:34,3
DA:36,3
DA:37,6
DA:38,3
DA:39,1
DA:42,3
DA:45,3
DA:48,4
DA:49,38
DA:52,14
LF:29
LH:29
BRDA:4,0,0,4
BRDA:4,0,1,4
BRDA:4,0,2,4
BRDA:10,1,0,6
BRDA:10,1,1,5
BRDA:18,2,0,19
BRDA:18,2,1,18
BRDA:22,3,0,22
BRDA:22,3,1,9
BRDA:23,4,0,2
BRDA:23,4,1,20
BRDA:25,5,0,2
BRDA:25,5,1,18
BRDA:27,6,0,6
BRDA:27,6,1,12
BRDA:36,7,0,3
BRDA:36,7,1,2
BRDA:37,8,0,3
BRDA:37,8,1,3
BRDA:38,9,0,1
BRDA:38,9,1,2
BRDA:49,10,0,37
BRDA:49,10,1,1
BRDA:52,11,0,11
BRDA:52,11,1,3
BRF:25
BRH:25
end_of_record
TN:
SF:packages\overlayscrollbars\src\core\options\index.ts
FNF:0
FNH:0
LF:0
LH:0
BRF:0
BRH:0
end_of_record
TN:
SF:packages\overlayscrollbars\src\core\options\transformation.ts
FN:12,transform
FN:15,(anonymous_1)
FNF:2
FNH:2
FNDA:16,transform
FNDA:102,(anonymous_1)
DA:13,16
DA:15,16
DA:16,102
DA:19,102
DA:20,90
DA:25,16
LF:6
LH:6
BRDA:19,0,0,90
BRDA:20,1,0,45
BRDA:20,1,1,45
BRF:3
BRH:3
end_of_record
TN:
SF:packages\overlayscrollbars\src\core\options\validation.ts
FN:24,(anonymous_0)
FN:47,(anonymous_1)
FN:50,(anonymous_2)
FN:52,(anonymous_3)
FN:65,(anonymous_4)
FN:78,(anonymous_5)
FN:84,(anonymous_6)
FN:140,(anonymous_7)
FNF:8
FNH:8
FNDA:21,(anonymous_0)
FNDA:65,(anonymous_1)
FNDA:372,(anonymous_2)
FNDA:372,(anonymous_3)
FNDA:66,(anonymous_4)
FNDA:417,(anonymous_5)
FNDA:121,(anonymous_6)
FNDA:32,(anonymous_7)
DA:5,3
DA:10,3
DA:16,3
DA:25,21
DA:26,21
DA:47,3
DA:48,65
DA:49,65
DA:50,372
DA:52,65
DA:53,372
DA:54,372
DA:55,372
DA:56,372
DA:57,372
DA:60,372
DA:61,33
DA:62,33
DA:63,33
DA:65,33
DA:66,66
DA:67,33
DA:71,339
DA:72,336
DA:73,336
DA:74,336
DA:75,336
DA:76,336
DA:78,336
DA:80,417
DA:81,417
DA:83,64
DA:84,121
DA:87,64
DA:90,353
DA:94,417
DA:97,417
DA:101,336
DA:102,310
DA:103,310
DA:104,256
DA:107,26
DA:108,2
DA:113,336
DA:117,65
DA:140,3
DA:151,32
LF:47
LH:47
BRDA:53,0,0,295
BRDA:53,0,1,77
BRDA:57,1,0,110
BRDA:57,1,1,262
BRDA:60,2,0,33
BRDA:60,2,1,339
BRDA:60,3,0,372
BRDA:60,3,1,36
BRDA:66,4,0,33
BRDA:66,4,1,33
BRDA:71,5,0,336
BRDA:71,5,1,3
BRDA:76,6,0,227
BRDA:76,6,1,109
BRDA:81,7,0,64
BRDA:81,7,1,353
BRDA:81,8,0,417
BRDA:81,8,1,64
BRDA:94,9,0,64
BRDA:94,9,1,353
BRDA:101,10,0,310
BRDA:101,10,1,26
BRDA:102,11,0,310
BRDA:102,11,1,277
BRDA:103,12,0,256
BRDA:103,12,1,54
BRDA:103,13,0,62
BRDA:103,13,1,248
BRDA:107,14,0,2
BRDA:107,14,1,24
BRDA:110,15,0,1
BRDA:110,15,1,1
BRDA:151,16,0,32
BRDA:151,16,1,20
BRDA:151,17,0,32
BRDA:151,17,1,28
BRF:36
BRH:36
end_of_record
TN:
SF:packages\overlayscrollbars\src\core\utils\arrays.ts
FN:18,each
FN:42,(anonymous_1)
FNF:2
FNH:2
FNDA:694,each
FNDA:418,(anonymous_1)
DA:19,694
DA:21,694
DA:22,688
DA:23,2211
DA:24,320
DA:27,6
DA:28,5
DA:29,13
DA:30,1
DA:33,694
DA:42,9
DA:43,418
LF:12
LH:12
BRDA:21,0,0,688
BRDA:21,0,1,6
BRDA:23,1,0,320
BRDA:23,1,1,1891
BRDA:27,2,0,5
BRDA:27,2,1,1
BRDA:29,3,0,1
BRDA:29,3,1,12
BRF:8
BRH:8
end_of_record
TN:
SF:packages\overlayscrollbars\src\core\utils\extend.ts
FN:10,extend
FN:18,(anonymous_1)
FNF:2
FNH:2
FNDA:180,extend
FNDA:1080,(anonymous_1)
DA:11,180
DA:14,180
DA:15,3
DA:18,180
DA:20,1080
DA:23,217
DA:24,632
DA:28,632
DA:29,1
DA:32,631
DA:35,631
DA:36,126
DA:37,126
DA:40,126
DA:41,33
DA:42,93
DA:43,76
DA:47,126
DA:50,505
DA:51,504
DA:58,180
LF:21
LH:21
BRDA:14,0,0,3
BRDA:14,0,1,177
BRDA:14,1,0,180
BRDA:14,1,1,177
BRDA:14,1,2,4
BRDA:20,2,0,217
BRDA:20,2,1,863
BRDA:28,3,0,1
BRDA:28,3,1,631
BRDA:28,4,0,632
BRDA:28,4,1,632
BRDA:35,5,0,126
BRDA:35,5,1,505
BRDA:35,6,0,631
BRDA:35,6,1,531
BRDA:35,6,2,439
BRDA:40,7,0,33
BRDA:40,7,1,93
BRDA:40,8,0,126
BRDA:40,8,1,34
BRDA:42,9,0,76
BRDA:42,9,1,17
BRDA:42,10,0,93
BRDA:42,10,1,92
BRDA:50,11,0,504
BRDA:50,11,1,1
BRF:26
BRH:26
end_of_record
TN:
SF:packages\overlayscrollbars\src\core\utils\index.ts
FNF:0
FNH:0
LF:0
LH:0
BRF:0
BRH:0
end_of_record
TN:
SF:packages\overlayscrollbars\src\core\utils\types.ts
FN:3,(anonymous_0)
FN:11,isNumber
FN:15,isString
FN:19,isBoolean
FN:23,isObject
FN:27,isFunction
FN:31,isUndefined
FN:35,isNull
FN:39,isArray
FN:48,isArrayLike
FN:57,isPlainObject
FN:80,isHTMLElement
FN:92,isEmptyObject
FNF:13
FNH:13
FNDA:576,(anonymous_0)
FNDA:97,isNumber
FNDA:114,isString
FNDA:28,isBoolean
FNDA:1605,isObject
FNDA:464,isFunction
FNDA:611,isUndefined
FNDA:500,isNull
FNDA:2666,isArray
FNDA:761,isArrayLike
FNDA:1337,isPlainObject
FNDA:358,isHTMLElement
FNDA:105,isEmptyObject
DA:3,11
DA:4,576
DA:5,1
DA:6,575
DA:7,48
DA:8,527
DA:12,97
DA:16,114
DA:20,28
DA:24,1605
DA:28,464
DA:32,611
DA:36,500
DA:40,2666
DA:49,761
DA:50,761
DA:58,1337
DA:59,1123
DA:62,214
DA:63,214
DA:64,214
DA:65,214
DA:67,214
DA:68,3
DA:71,211
DA:73,211
DA:81,358
DA:82,358
DA:83,358
DA:93,105
DA:94,42
DA:95,63
LF:32
LH:32
BRDA:4,0,0,1
BRDA:4,0,1,575
BRDA:6,1,0,48
BRDA:6,1,1,527
BRDA:24,2,0,1605
BRDA:24,2,1,448
BRDA:24,2,2,295
BRDA:49,3,0,761
BRDA:49,3,1,754
BRDA:50,4,0,761
BRDA:50,4,1,74
BRDA:50,4,2,69
BRDA:50,4,3,19
BRDA:50,4,4,19
BRDA:58,5,0,1123
BRDA:58,5,1,214
BRDA:58,6,0,1337
BRDA:58,6,1,1181
BRDA:58,6,2,224
BRDA:65,7,0,214
BRDA:65,7,1,213
BRDA:65,7,2,213
BRDA:67,8,0,3
BRDA:67,8,1,211
BRDA:67,9,0,214
BRDA:67,9,1,213
BRDA:67,9,2,213
BRDA:73,10,0,211
BRDA:73,10,1,205
BRDA:82,11,0,358
BRDA:82,11,1,358
BRDA:84,12,0,327
BRDA:84,12,1,31
BRDA:84,13,0,31
BRDA:84,13,1,26
BRDA:84,13,2,15
BRDA:84,13,3,4
BRF:37
BRH:37
end_of_record
