TN:
SF:packages\overlayscrollbars\src\instances.ts
FN:9,(anonymous_0)
FN:18,(anonymous_1)
FN:27,(anonymous_2)
FN:33,(anonymous_3)
FN:36,(anonymous_4)
FN:45,(anonymous_5)
FNF:6
FNH:6
FNDA:3,(anonymous_0)
FNDA:4,(anonymous_1)
FNDA:1,(anonymous_2)
FNDA:2,(anonymous_3)
FNDA:1,(anonymous_4)
FNDA:1,(anonymous_5)
DA:1,1
DA:2,1
DA:9,1
DA:10,3
DA:11,3
DA:18,1
DA:19,4
DA:20,4
DA:27,1
DA:33,1
DA:34,2
DA:36,2
DA:38,1
DA:39,1
DA:43,2
DA:45,2
DA:46,1
DA:49,2
LF:18
LH:18
BRDA:38,0,0,1
BRF:1
BRH:1
end_of_record
TN:
SF:packages\overlayscrollbars\src\options.ts
FNF:0
FNH:0
DA:5,1
DA:6,1
DA:7,1
DA:8,1
DA:9,1
DA:10,1
DA:11,1
DA:12,1
DA:13,1
DA:14,1
DA:15,1
DA:32,1
DA:80,1
DA:81,1
LF:14
LH:14
BRF:0
BRH:0
end_of_record
TN:
SF:packages\overlayscrollbars\src\core\compatibility\vendors.ts
FN:4,(anonymous_0)
FN:5,(anonymous_1)
FN:19,(anonymous_2)
FN:29,(anonymous_3)
FN:37,(anonymous_4)
FN:51,(anonymous_5)
FN:64,(anonymous_6)
FN:65,(anonymous_7)
FN:84,(anonymous_8)
FN:91,(anonymous_9)
FNF:10
FNH:10
FNDA:20,(anonymous_0)
FNDA:10,(anonymous_1)
FNDA:4,(anonymous_2)
FNDA:9,(anonymous_3)
FNDA:33,(anonymous_4)
FNDA:11,(anonymous_5)
FNDA:10,(anonymous_6)
FNDA:42,(anonymous_7)
FNDA:5,(anonymous_8)
FNDA:11,(anonymous_9)
DA:4,20
DA:5,10
DA:9,1
DA:10,1
DA:12,1
DA:13,1
DA:19,1
DA:20,4
DA:22,4
DA:23,1
DA:26,3
DA:27,3
DA:29,3
DA:30,9
DA:31,9
DA:37,33
DA:38,9
DA:41,3
DA:42,3
DA:51,1
DA:52,11
DA:53,11
DA:55,11
DA:56,4
DA:59,7
DA:60,7
DA:61,7
DA:62,7
DA:64,7
DA:65,10
DA:66,42
DA:67,42
DA:68,42
DA:69,2
DA:70,2
DA:73,10
DA:76,7
DA:77,7
DA:84,1
DA:85,5
DA:87,5
DA:88,1
DA:91,4
DA:92,11
DA:93,11
DA:96,4
DA:97,4
LF:47
LH:47
BRDA:22,0,0,1
BRDA:22,0,1,3
BRDA:55,1,0,4
BRDA:55,1,1,7
BRDA:61,2,0,7
BRDA:61,2,1,5
BRDA:68,3,0,2
BRDA:68,3,1,40
BRDA:85,4,0,5
BRDA:85,4,1,4
BRDA:87,5,0,1
BRDA:87,5,1,4
BRDA:92,6,0,11
BRDA:92,6,1,8
BRF:14
BRH:14
end_of_record
TN:
SF:packages\overlayscrollbars\src\core\dom\attributes.ts
FN:8,(anonymous_0)
FN:20,(anonymous_1)
FN:29,(anonymous_2)
FN:41,(anonymous_3)
FN:53,(anonymous_4)
FNF:5
FNH:5
FNDA:7,(anonymous_0)
FNDA:1,(anonymous_1)
FNDA:3,(anonymous_2)
FNDA:3,(anonymous_3)
FNDA:5,(anonymous_4)
DA:8,4
DA:9,7
DA:10,5
DA:12,2
DA:20,4
DA:21,1
DA:29,4
DA:30,3
DA:31,2
DA:33,1
DA:41,4
DA:42,3
DA:43,2
DA:45,1
DA:53,4
DA:54,5
DA:55,3
DA:57,2
LF:18
LH:18
BRDA:9,0,0,5
BRDA:9,0,1,2
BRDA:30,1,0,2
BRDA:30,1,1,1
BRDA:42,2,0,2
BRDA:42,2,1,1
BRDA:54,3,0,3
BRDA:54,3,1,2
BRF:8
BRH:8
end_of_record
TN:
SF:packages\overlayscrollbars\src\core\dom\classes.ts
FN:10,(anonymous_0)
FN:17,(anonymous_1)
FN:34,(anonymous_2)
FN:52,(anonymous_3)
FNF:4
FNH:4
FNDA:7,(anonymous_0)
FNDA:11,(anonymous_1)
FNDA:7,(anonymous_2)
FNDA:4,(anonymous_3)
DA:3,4
DA:10,7
DA:17,4
DA:19,11
DA:21,11
DA:22,9
DA:23,9
DA:24,11
DA:34,4
DA:36,7
DA:38,7
DA:39,5
DA:40,5
DA:41,6
DA:52,4
DA:53,4
DA:54,2
DA:56,2
LF:18
LH:18
BRDA:21,0,0,9
BRDA:21,0,1,2
BRDA:22,1,0,9
BRDA:22,1,1,1
BRDA:38,2,0,5
BRDA:38,2,1,2
BRDA:39,3,0,5
BRDA:39,3,1,1
BRDA:53,4,0,2
BRDA:53,4,1,2
BRF:10
BRH:10
end_of_record
TN:
SF:packages\overlayscrollbars\src\core\dom\create.ts
FN:5,(anonymous_0)
FN:7,(anonymous_1)
FN:11,(anonymous_2)
FNF:3
FNH:3
FNDA:204,(anonymous_0)
FNDA:3,(anonymous_1)
FNDA:9,(anonymous_2)
DA:5,204
DA:7,4
DA:8,3
DA:9,3
DA:11,9
LF:5
LH:5
BRF:0
BRH:0
end_of_record
TN:
SF:packages\overlayscrollbars\src\core\dom\index.ts
FNF:0
FNH:0
LF:0
LH:0
BRF:0
BRH:0
end_of_record
TN:
SF:packages\overlayscrollbars\src\core\dom\manipulation.ts
FN:13,(anonymous_0)
FN:28,(anonymous_1)
FN:57,(anonymous_2)
FN:66,(anonymous_3)
FN:75,(anonymous_4)
FN:84,(anonymous_5)
FN:92,(anonymous_6)
FN:94,(anonymous_7)
FNF:8
FNH:8
FNDA:24,(anonymous_0)
FNDA:24,(anonymous_1)
FNDA:6,(anonymous_2)
FNDA:6,(anonymous_3)
FNDA:6,(anonymous_4)
FNDA:6,(anonymous_5)
FNDA:23,(anonymous_6)
FNDA:9,(anonymous_7)
DA:13,4
DA:18,24
DA:19,20
DA:23,20
DA:24,16
DA:25,8
DA:28,8
DA:29,24
DA:30,3
DA:32,24
DA:35,8
DA:39,16
DA:40,12
DA:41,1
DA:42,11
DA:43,2
DA:47,16
DA:57,4
DA:58,6
DA:66,4
DA:67,6
DA:75,4
DA:76,6
DA:84,4
DA:85,6
DA:92,4
DA:93,23
DA:94,9
DA:95,21
DA:96,20
DA:97,20
DA:98,15
LF:32
LH:32
BRDA:18,0,0,20
BRDA:18,0,1,4
BRDA:23,1,0,16
BRDA:23,1,1,4
BRDA:24,2,0,8
BRDA:24,2,1,8
BRDA:29,3,0,3
BRDA:29,3,1,21
BRDA:39,4,0,12
BRDA:39,4,1,4
BRDA:40,5,0,1
BRDA:40,5,1,11
BRDA:42,6,0,2
BRDA:42,6,1,9
BRDA:67,7,0,6
BRDA:67,7,1,5
BRDA:85,8,0,6
BRDA:85,8,1,5
BRDA:93,9,0,2
BRDA:93,9,1,21
BRDA:95,10,0,20
BRDA:95,10,1,1
BRDA:97,11,0,15
BRDA:97,11,1,5
BRF:24
BRH:24
end_of_record
TN:
SF:packages\overlayscrollbars\src\core\dom\offset.ts
FN:1,(anonymous_0)
FN:9,(anonymous_1)
FNF:2
FNH:0
FNDA:0,(anonymous_0)
FNDA:0,(anonymous_1)
DA:1,3
DA:2,0
DA:3,0
DA:9,3
LF:4
LH:2
BRF:0
BRH:0
end_of_record
TN:
SF:packages\overlayscrollbars\src\core\dom\style.ts
FN:21,(anonymous_0)
FN:24,(anonymous_1)
FN:34,style
FN:46,(anonymous_3)
FN:50,(anonymous_4)
FN:54,(anonymous_5)
FNF:6
FNH:0
FNDA:0,(anonymous_0)
FNDA:0,(anonymous_1)
FNDA:0,style
FNDA:0,(anonymous_3)
FNDA:0,(anonymous_4)
FNDA:0,(anonymous_5)
DA:5,3
DA:21,3
DA:22,0
DA:24,3
DA:25,0
DA:26,0
DA:27,0
DA:35,0
DA:37,0
DA:38,0
DA:39,0
DA:42,0
DA:44,0
DA:46,0
DA:50,3
DA:51,0
DA:54,3
DA:55,0
LF:18
LH:5
BRDA:22,0,0,0
BRDA:22,0,1,0
BRDA:22,1,0,0
BRDA:22,1,1,0
BRDA:26,2,0,0
BRDA:26,2,1,0
BRDA:37,3,0,0
BRDA:37,3,1,0
BRDA:38,4,0,0
BRDA:38,4,1,0
BRDA:42,5,0,0
BRDA:42,5,1,0
BRF:12
BRH:0
end_of_record
TN:
SF:packages\overlayscrollbars\src\core\dom\traversal.ts
FN:3,(anonymous_0)
FN:5,(anonymous_1)
FN:8,(anonymous_2)
FN:15,(anonymous_3)
FN:17,(anonymous_4)
FN:32,(anonymous_5)
FN:35,(anonymous_6)
FN:48,(anonymous_7)
FN:50,(anonymous_8)
FNF:9
FNH:9
FNDA:4,(anonymous_0)
FNDA:6,(anonymous_1)
FNDA:18,(anonymous_2)
FNDA:19,(anonymous_3)
FNDA:31,(anonymous_4)
FNDA:3,(anonymous_5)
FNDA:6,(anonymous_6)
FNDA:38,(anonymous_7)
FNDA:14,(anonymous_8)
DA:3,4
DA:5,4
DA:6,6
DA:8,6
DA:9,18
DA:12,6
DA:15,19
DA:17,4
DA:18,31
DA:19,22
DA:20,2
DA:22,20
DA:23,2
DA:25,18
DA:26,6
DA:29,21
DA:32,4
DA:33,3
DA:35,3
DA:36,6
DA:37,3
DA:38,1
DA:41,3
DA:45,3
DA:48,38
DA:50,14
LF:26
LH:26
BRDA:3,0,0,4
BRDA:3,0,1,4
BRDA:3,0,2,4
BRDA:8,1,0,6
BRDA:8,1,1,5
BRDA:15,2,0,19
BRDA:15,2,1,18
BRDA:18,3,0,22
BRDA:18,3,1,9
BRDA:19,4,0,2
BRDA:19,4,1,20
BRDA:22,5,0,2
BRDA:22,5,1,18
BRDA:25,6,0,6
BRDA:25,6,1,12
BRDA:35,7,0,3
BRDA:35,7,1,2
BRDA:36,8,0,3
BRDA:36,8,1,3
BRDA:37,9,0,1
BRDA:37,9,1,2
BRDA:48,10,0,37
BRDA:48,10,1,1
BRDA:50,11,0,11
BRDA:50,11,1,3
BRF:25
BRH:25
end_of_record
TN:
SF:packages\overlayscrollbars\src\core\options\index.ts
FNF:0
FNH:0
LF:0
LH:0
BRF:0
BRH:0
end_of_record
TN:
SF:packages\overlayscrollbars\src\core\options\transformation.ts
FN:15,transform
FN:21,(anonymous_1)
FNF:2
FNH:2
FNDA:16,transform
FNDA:102,(anonymous_1)
DA:19,16
DA:21,16
DA:22,102
DA:25,102
DA:26,90
DA:32,16
LF:6
LH:6
BRDA:25,0,0,90
BRDA:26,1,0,45
BRDA:26,1,1,45
BRF:3
BRH:3
end_of_record
TN:
SF:packages\overlayscrollbars\src\core\options\validation.ts
FN:25,(anonymous_0)
FN:50,(anonymous_1)
FN:59,(anonymous_2)
FN:61,(anonymous_3)
FN:74,(anonymous_4)
FN:88,(anonymous_5)
FN:94,(anonymous_6)
FN:150,(anonymous_7)
FNF:8
FNH:8
FNDA:21,(anonymous_0)
FNDA:65,(anonymous_1)
FNDA:372,(anonymous_2)
FNDA:372,(anonymous_3)
FNDA:66,(anonymous_4)
FNDA:417,(anonymous_5)
FNDA:121,(anonymous_6)
FNDA:32,(anonymous_7)
DA:13,3
DA:18,3
DA:24,3
DA:26,21
DA:27,21
DA:50,3
DA:57,65
DA:58,65
DA:59,372
DA:61,65
DA:62,372
DA:63,372
DA:64,372
DA:65,372
DA:66,372
DA:69,372
DA:70,33
DA:71,33
DA:72,33
DA:74,33
DA:75,66
DA:76,33
DA:79,339
DA:80,336
DA:81,336
DA:82,336
DA:83,336
DA:84,336
DA:88,336
DA:90,417
DA:91,417
DA:93,64
DA:94,121
DA:97,64
DA:99,353
DA:103,417
DA:106,417
DA:109,336
DA:110,310
DA:111,310
DA:112,256
DA:114,26
DA:115,2
DA:123,336
DA:127,65
DA:150,3
DA:165,32
LF:47
LH:47
BRDA:62,0,0,295
BRDA:62,0,1,77
BRDA:66,1,0,110
BRDA:66,1,1,262
BRDA:69,2,0,33
BRDA:69,2,1,339
BRDA:69,3,0,372
BRDA:69,3,1,36
BRDA:75,4,0,33
BRDA:75,4,1,33
BRDA:79,5,0,336
BRDA:79,5,1,3
BRDA:84,6,0,227
BRDA:84,6,1,109
BRDA:91,7,0,64
BRDA:91,7,1,353
BRDA:91,8,0,417
BRDA:91,8,1,64
BRDA:103,9,0,64
BRDA:103,9,1,353
BRDA:109,10,0,310
BRDA:109,10,1,26
BRDA:110,11,0,310
BRDA:110,11,1,277
BRDA:111,12,0,256
BRDA:111,12,1,54
BRDA:111,13,0,62
BRDA:111,13,1,248
BRDA:114,14,0,2
BRDA:114,14,1,24
BRDA:119,15,0,1
BRDA:119,15,1,1
BRDA:165,16,0,32
BRDA:165,16,1,20
BRDA:165,17,0,32
BRDA:165,17,1,28
BRF:36
BRH:36
end_of_record
TN:
SF:packages\overlayscrollbars\src\core\utils\arrays.ts
FN:29,each
FN:40,(anonymous_1)
FN:51,(anonymous_2)
FNF:3
FNH:3
FNDA:699,each
FNDA:13,(anonymous_1)
FNDA:418,(anonymous_2)
DA:33,699
DA:34,693
DA:35,2224
DA:36,321
DA:39,6
DA:40,13
DA:42,699
DA:51,418
LF:8
LH:8
BRDA:33,0,0,693
BRDA:33,0,1,6
BRDA:35,1,0,321
BRDA:35,1,1,1903
BRDA:39,2,0,5
BRDA:39,2,1,1
BRF:6
BRH:6
end_of_record
TN:
SF:packages\overlayscrollbars\src\core\utils\extend.ts
FN:10,extend
FN:27,(anonymous_1)
FNF:2
FNH:2
FNDA:180,extend
FNDA:1080,(anonymous_1)
DA:20,180
DA:23,180
DA:24,3
DA:27,180
DA:29,1080
DA:31,217
DA:32,632
DA:36,632
DA:37,1
DA:40,631
DA:43,631
DA:44,126
DA:45,126
DA:48,126
DA:49,33
DA:50,93
DA:51,76
DA:55,126
DA:58,505
DA:59,504
DA:66,180
LF:21
LH:21
BRDA:23,0,0,3
BRDA:23,0,1,177
BRDA:23,1,0,180
BRDA:23,1,1,177
BRDA:23,1,2,4
BRDA:29,2,0,217
BRDA:29,2,1,863
BRDA:36,3,0,1
BRDA:36,3,1,631
BRDA:36,4,0,632
BRDA:36,4,1,632
BRDA:43,5,0,126
BRDA:43,5,1,505
BRDA:43,6,0,631
BRDA:43,6,1,531
BRDA:43,6,2,439
BRDA:48,7,0,33
BRDA:48,7,1,93
BRDA:48,8,0,126
BRDA:48,8,1,34
BRDA:50,9,0,76
BRDA:50,9,1,17
BRDA:50,10,0,93
BRDA:50,10,1,92
BRDA:58,11,0,504
BRDA:58,11,1,1
BRF:26
BRH:26
end_of_record
TN:
SF:packages\overlayscrollbars\src\core\utils\index.ts
FNF:0
FNH:0
LF:0
LH:0
BRF:0
BRH:0
end_of_record
TN:
SF:packages\overlayscrollbars\src\core\utils\types.ts
FN:3,(anonymous_0)
FN:12,isNumber
FN:16,isString
FN:20,isBoolean
FN:24,isFunction
FN:28,isUndefined
FN:32,isNull
FN:36,isArray
FN:40,isObject
FN:48,isArrayLike
FN:57,isPlainObject
FN:83,isHTMLElement
FN:93,isEmptyObject
FNF:13
FNH:13
FNDA:576,(anonymous_0)
FNDA:97,isNumber
FNDA:114,isString
FNDA:28,isBoolean
FNDA:464,isFunction
FNDA:611,isUndefined
FNDA:500,isNull
FNDA:2671,isArray
FNDA:1605,isObject
FNDA:766,isArrayLike
FNDA:1337,isPlainObject
FNDA:358,isHTMLElement
FNDA:105,isEmptyObject
DA:3,11
DA:4,576
DA:5,575
DA:6,527
DA:13,97
DA:17,114
DA:21,28
DA:25,464
DA:29,611
DA:33,500
DA:37,2671
DA:41,1605
DA:49,766
DA:50,766
DA:58,1337
DA:61,214
DA:62,214
DA:63,214
DA:64,214
DA:66,214
DA:67,3
DA:71,211
DA:76,211
DA:84,358
DA:85,358
DA:86,358
DA:95,105
DA:96,63
LF:28
LH:28
BRDA:4,0,0,1
BRDA:4,0,1,575
BRDA:5,1,0,48
BRDA:5,1,1,527
BRDA:41,2,0,1605
BRDA:41,2,1,448
BRDA:41,2,2,295
BRDA:49,3,0,766
BRDA:49,3,1,759
BRDA:50,4,0,766
BRDA:50,4,1,74
BRDA:50,4,2,69
BRDA:50,4,3,19
BRDA:50,4,4,19
BRDA:58,5,0,1123
BRDA:58,5,1,214
BRDA:58,6,0,1337
BRDA:58,6,1,1181
BRDA:58,6,2,224
BRDA:64,7,0,214
BRDA:64,7,1,213
BRDA:64,7,2,213
BRDA:66,8,0,3
BRDA:66,8,1,211
BRDA:66,9,0,214
BRDA:66,9,1,213
BRDA:66,9,2,213
BRDA:76,10,0,211
BRDA:76,10,1,205
BRDA:85,11,0,358
BRDA:85,11,1,358
BRDA:86,12,0,327
BRDA:86,12,1,31
BRDA:86,13,0,31
BRDA:86,13,1,26
BRDA:86,13,2,15
BRDA:86,13,3,4
BRF:37
BRH:37
end_of_record
